Allocation count times 0!
[ERROR] tests/10-test-with-and-array.pascalm:3.10-6.5: error: The node of kind NODE_RECORD_TYPE is not mapped here (154)

[DEBUG] Estamos colocando na tabela de símbolos: TInfo e o símbolo kind: SYMBOL_TYPE

Allocation count times 0!
Allocation count times 0!
Allocation count times 0!
Allocation count times 0!
[ERROR] tests/5-array-record.pascalm:3.12-6.5: error: The node of kind NODE_RECORD_TYPE is not mapped here (154)

[DEBUG] Estamos colocando na tabela de símbolos: TPessoa e o símbolo kind: SYMBOL_TYPE

[DEBUG] Estamos colocando na tabela de símbolos: MyInt e o símbolo kind: SYMBOL_TYPE

[DEBUG] Qual os tipos? [src: integer] [dest: MyInt]
[ERROR] tests/5-array-record.pascalm:20.2-20.8: error: Type mismatch in assignment.

[DEBUG] Qual os tipos? [dest: 0x60b0000005c0(0x606000000e60)] - [src: 0x0(0x0))]
[ERROR] tests/5-array-record.pascalm:21.2-21.12: error: Type mismatch in assignment.

[ERROR] tests/5-array-record.pascalm:27.4-28.0: error: Compilation failed due to semantic errors.


[DEBUG] NODE_LITERAL
[DEBUG] NODE_BINARY_EXPR
Allocation count times 0!
[ERROR] tests/10-test-with-and-array.pascalm:3.10-6.5: error: The node of kind NODE_RECORD_TYPE is not mapped here (155)

[DEBUG] Estamos colocando na tabela de símbolos: TInfo e o símbolo kind: SYMBOL_TYPE

[DEBUG] NODE_LITERAL
[DEBUG] NODE_LITERAL
Allocation count times 0!
[DEBUG] NODE_BINARY_EXPR
Allocation count times 0!
[DEBUG] NODE_LITERAL
[DEBUG] NODE_BINARY_EXPR
[DEBUG] NODE_BINARY_EXPR
Allocation count times 0!
Allocation count times 0!
[ERROR] tests/5-array-record.pascalm:3.12-6.5: error: The node of kind NODE_RECORD_TYPE is not mapped here (155)

[DEBUG] Estamos colocando na tabela de símbolos: TPessoa e o símbolo kind: SYMBOL_TYPE

[DEBUG] Estamos colocando na tabela de símbolos: MyInt e o símbolo kind: SYMBOL_TYPE

[DEBUG] NODE_LITERAL
[DEBUG] NODE_LITERAL
[DEBUG] NODE_LITERAL
[DEBUG] NODE_LITERAL
[DEBUG] NODE_ARRAY_ACCESS
[DEBUG] NODE_LITERAL
[DEBUG] NODE_LITERAL
[DEBUG] NODE_BINARY_EXPR
Allocation count times 0!
[DEBUG] NODE_IDENTIFIER
[DEBUG] NODE_IDENTIFIER
[DEBUG] NODE_IDENTIFIER
[DEBUG] NODE_LITERAL
[DEBUG] NODE_LITERAL
Allocation count times 0!
[DEBUG] NODE_LITERAL
[DEBUG] NODE_FUNC_CALL
Allocation count times 0!
build/gen/7-function.c:10:11: warning: equality comparison with extraneous parentheses [-Wparentheses-equality]
   10 |     if((n == 0)) {
      |         ~~^~~~
build/gen/7-function.c:10:11: note: remove extraneous parentheses around the comparison to silence this warning
   10 |     if((n == 0)) {
      |        ~  ^   ~
build/gen/7-function.c:10:11: note: use '=' to turn this equality comparison into an assignment
   10 |     if((n == 0)) {
      |           ^~
      |           =
1 warning generated.
[ERROR] tests/8-test-failures.pascalm:24.21-24.22: error: Illegal input in

[DEBUG] NODE_BINARY_EXPR
[DEBUG] NODE_LITERAL
[DEBUG] NODE_IDENTIFIER
[DEBUG] NODE_BINARY_EXPR
[ERROR] tests/8-test-failures.pascalm:22.8-22.9: error: An L-value (variable) is expected for a VAR parameter.

[DEBUG] NODE_FUNC_CALL
[ERROR] tests/8-test-failures.pascalm:26.10-26.32: error: Undeclared identifier 'variavel_nao_declarada'

[ERROR] tests/8-test-failures.pascalm:27.4-28.0: error: Compilation failed due to semantic errors.


[DEBUG] NODE_LITERAL
[DEBUG] NODE_BINARY_EXPR
Allocation count times 0!
[ERROR] tests/10-test-with-and-array.pascalm:3.10-6.5: error: The node of kind NODE_RECORD_TYPE is not mapped here (155)

[DEBUG] Estamos colocando na tabela de símbolos: TInfo e o símbolo kind: SYMBOL_TYPE

[DEBUG] NODE_LITERAL
[DEBUG] NODE_LITERAL
Allocation count times 0!
[DEBUG] NODE_BINARY_EXPR
Allocation count times 0!
[DEBUG] NODE_LITERAL
[DEBUG] NODE_BINARY_EXPR
[DEBUG] NODE_BINARY_EXPR
Allocation count times 0!
Allocation count times 0!
[ERROR] tests/5-array-record.pascalm:3.12-6.5: error: The node of kind NODE_RECORD_TYPE is not mapped here (155)

[DEBUG] Estamos colocando na tabela de símbolos: TPessoa e o símbolo kind: SYMBOL_TYPE

[DEBUG] Estamos colocando na tabela de símbolos: MyInt e o símbolo kind: SYMBOL_TYPE

[DEBUG] NODE_LITERAL
[DEBUG] NODE_LITERAL
[DEBUG] NODE_LITERAL
[DEBUG] NODE_LITERAL
[DEBUG] NODE_ARRAY_ACCESS
[DEBUG] NODE_LITERAL
[DEBUG] NODE_LITERAL
[DEBUG] NODE_BINARY_EXPR
Allocation count times 0!
[DEBUG] NODE_IDENTIFIER
[DEBUG] NODE_IDENTIFIER
[DEBUG] NODE_IDENTIFIER
[DEBUG] NODE_LITERAL
[DEBUG] NODE_LITERAL
Allocation count times 0!
[DEBUG] NODE_LITERAL
[DEBUG] NODE_FUNC_CALL
Allocation count times 0!
build/gen/7-function.c:10:11: warning: equality comparison with extraneous parentheses [-Wparentheses-equality]
   10 |     if((n == 0)) {
      |         ~~^~~~
build/gen/7-function.c:10:11: note: remove extraneous parentheses around the comparison to silence this warning
   10 |     if((n == 0)) {
      |        ~  ^   ~
build/gen/7-function.c:10:11: note: use '=' to turn this equality comparison into an assignment
   10 |     if((n == 0)) {
      |           ^~
      |           =
1 warning generated.
[ERROR] tests/8-test-failures.pascalm:24.21-24.22: error: Illegal input in

[DEBUG] NODE_BINARY_EXPR
[DEBUG] NODE_LITERAL
[DEBUG] NODE_IDENTIFIER
[DEBUG] NODE_BINARY_EXPR
[ERROR] tests/8-test-failures.pascalm:22.8-22.9: error: An L-value (variable) is expected for a VAR parameter.

[DEBUG] NODE_FUNC_CALL
[ERROR] tests/8-test-failures.pascalm:26.10-26.32: error: Undeclared identifier 'variavel_nao_declarada'

[ERROR] tests/8-test-failures.pascalm:27.4-28.0: error: Compilation failed due to semantic errors.


clang: error: no such file or directory: 'build/gen/8-test-failures.c'
clang: error: no input files
[ERROR] tests/9-test-with.pascalm:3.11-5.5: error: The node of kind NODE_RECORD_TYPE is not mapped here (155)

[DEBUG] Estamos colocando na tabela de símbolos: TPonto e o símbolo kind: SYMBOL_TYPE

[DEBUG] NODE_LITERAL
[DEBUG] NODE_LITERAL
[DEBUG] o id deve estar nulo 0
[DEBUG] o id deve estar nulo 0
Allocation count times 0!
[DEBUG] Estamos colocando na tabela de símbolos: IntArray e o símbolo kind: SYMBOL_TYPE

[ERROR] tests/complex-test.pascalm:6.14-6.25: error: The node of kind NODE_SET_TYPE is not mapped here (155)

[DEBUG] Estamos colocando na tabela de símbolos: CharSet e o símbolo kind: SYMBOL_TYPE

[ERROR] tests/complex-test.pascalm:7.13-11.7: error: The node of kind NODE_RECORD_TYPE is not mapped here (155)

[DEBUG] Estamos colocando na tabela de símbolos: Person e o símbolo kind: SYMBOL_TYPE

[DEBUG] Estamos colocando na tabela de símbolos: Max e o símbolo kind: SYMBOL_TYPE

[DEBUG] NODE_IDENTIFIER
[DEBUG] NODE_IDENTIFIER
[DEBUG] NODE_LITERAL
[DEBUG] Qual os tipos? [dest: 0x60b0000001a0(0x607000001ec0)] - [src: 0x0(0x0)]
[ERROR] tests/complex-test.pascalm:29.4-29.26: error: Incompatible type for function return value.

[DEBUG] NODE_SET_CONSTRUCTOR
[DEBUG] Qual os tipos? [dest: 0x60b000000510(0x6060000013a0)] - [src: 0x0(0x0)]
[ERROR] tests/complex-test.pascalm:33.4-33.39: error: Type mismatch in assignment.

[DEBUG] NODE_LITERAL
[DEBUG] NODE_LITERAL
[ERROR] tests/complex-test.pascalm:45.4-46.0: error: Compilation failed due to semantic errors.


clang: error: no such file or directory: 'build/gen/complex-test.c'
clang: error: no input files
[ERROR] tests/full-test.pascalm:13.11-16.5: error: The node of kind NODE_RECORD_TYPE is not mapped here (155)

[DEBUG] Estamos colocando na tabela de símbolos: TAluno e o símbolo kind: SYMBOL_TYPE

[DEBUG] NODE_LITERAL
[DEBUG] NODE_BINARY_EXPR
[DEBUG] NODE_BINARY_EXPR
[DEBUG] NODE_BINARY_EXPR
[DEBUG] NODE_FUNC_CALL
[DEBUG] NODE_FUNC_CALL
[DEBUG] NODE_LITERAL
[DEBUG] NODE_BINARY_EXPR
[DEBUG] o id deve estar nulo 0
[DEBUG] o id deve estar nulo 0
Allocation count times 0!
build/gen/full-test.c:87:44: error: passing 'char[6]' to parameter of incompatible type 'string'
   87 |         alunos[i - 1].nome = concat_string("Aluno", make_string_from_char((char)((48 + i))));
      |                                            ^~~~~~~
build/gen/full-test.c:47:29: note: passing argument to parameter 's1' here
   47 | string concat_string(string s1, string s2) {
      |                             ^
build/gen/full-test.c:96:18: warning: data argument not used by format string [-Wformat-extra-args]
   96 |     printf("\n", resultado);
      |            ~~~~  ^
1 warning and 1 error generated.
[ERROR] tests/hr-company.pascalm:4.16-6.5: error: The node of kind NODE_RECORD_TYPE is not mapped here (155)

[DEBUG] Estamos colocando na tabela de símbolos: ContactInfo e o símbolo kind: SYMBOL_TYPE

[ERROR] tests/hr-company.pascalm:8.19-8.48: error: The node of kind NODE_ENUMERATED_TYPE is not mapped here (155)

[DEBUG] Estamos colocando na tabela de símbolos: EmployeeStatus e o símbolo kind: SYMBOL_TYPE

[ERROR] tests/hr-company.pascalm:10.13-22.5: error: The node of kind NODE_RECORD_TYPE is not mapped here (155)

[DEBUG] Estamos colocando na tabela de símbolos: Employee e o símbolo kind: SYMBOL_TYPE

[ERROR] tests/hr-company.pascalm:3.0-22.5: error: Error: Field 'id' already declared in record 'Employee'

[ERROR] tests/hr-company.pascalm:3.0-22.5: error: Error: Field 'contact' already declared in record 'Employee'

[ERROR] tests/hr-company.pascalm:3.0-22.5: error: Error: Field 'id' already declared in record 'Employee'

[ERROR] tests/hr-company.pascalm:3.0-22.5: error: Error: Field 'contact' already declared in record 'Employee'

semantic-analyzer/analyzer.c:1879:24: runtime error: member access within null pointer of type 'FixedPartNode' (aka 'struct FixedPartNode')
SUMMARY: UndefinedBehaviorSanitizer: undefined-behavior semantic-analyzer/analyzer.c:1879:24 
AddressSanitizer:DEADLYSIGNAL
=================================================================
==63946==ERROR: AddressSanitizer: SEGV on unknown address 0x000000000038 (pc 0x00010103b080 bp 0x00016ee07530 sp 0x00016ee07220 T0)
==63946==The signal is caused by a READ memory access.
==63946==Hint: address points to the zero page.
    #0 0x00010103b080 in analyze_types analyzer.c:605
    #1 0x00010104096c in analyze_semantics analyzer.c:1942
    #2 0x000101069f04 in main main.c:95
    #3 0x000194946b48  (<unknown module>)

==63946==Register values:
 x[0] = 0x0000000000000000   x[1] = 0x0000000000000000   x[2] = 0x0000000000000000   x[3] = 0x0000000000000000  
 x[4] = 0x0000000000000000   x[5] = 0x0000000000000000   x[6] = 0x0000000000000000   x[7] = 0x0000000000000000  
 x[8] = 0x0000000000000000   x[9] = 0x0000000000000000  x[10] = 0x0000007000020000  x[11] = 0x0000000000000000  
x[12] = 0x0000000000000000  x[13] = 0x0000000000000000  x[14] = 0x0000000000000000  x[15] = 0x0000000000000000  
x[16] = 0x0000000000000000  x[17] = 0x0000000000000000  x[18] = 0x0000000000000000  x[19] = 0x000000016ee07380  
x[20] = 0x0000606000000aa0  x[21] = 0x0000000000000000  x[22] = 0x00000c0c00000323  x[23] = 0x00006060000018b0  
x[24] = 0x0000000000000038  x[25] = 0x0000000000000000  x[26] = 0x0000606000000c58  x[27] = 0x00006040000003d0  
x[28] = 0x000060b000000600     fp = 0x000000016ee07530     lr = 0x000000010103b964     sp = 0x000000016ee07220  
AddressSanitizer can not provide additional info.
SUMMARY: AddressSanitizer: SEGV analyzer.c:605 in analyze_types
==63946==ABORTING
clang: error: no such file or directory: 'build/gen/hr-company.c'
clang: error: no input files
[DEBUG] NODE_LITERAL
[DEBUG] NODE_BINARY_EXPR
Allocation count times 0!
[ERROR] tests/10-test-with-and-array.pascalm:3.10-6.5: error: The node of kind NODE_RECORD_TYPE is not mapped here (155)

[DEBUG] Estamos colocando na tabela de símbolos: TInfo e o símbolo kind: SYMBOL_TYPE

[ERROR] tests/10-test-with-and-array.pascalm:10.2-10.13: error: Attempt to access a field on a non-record type.

[DEBUG] NODE_LITERAL
[DEBUG] Qual os tipos? [dest: 0x0(0x0)] - [src: 0x60b000000040(0x607000001280)]
[ERROR] tests/10-test-with-and-array.pascalm:10.2-10.19: error: Type mismatch in assignment.

[ERROR] tests/10-test-with-and-array.pascalm:11.2-11.16: error: Attempt to access a field on a non-record type.

[DEBUG] NODE_LITERAL
[DEBUG] Qual os tipos? [dest: 0x0(0x0)] - [src: 0x60b000000300(0x607000001360)]
[ERROR] tests/10-test-with-and-array.pascalm:11.2-11.27: error: Type mismatch in assignment.

[ERROR] tests/10-test-with-and-array.pascalm:15.7-15.15: error: Variable in WITH statement is not a record type.

[ERROR] tests/10-test-with-and-array.pascalm:19.12-19.14: error: Undeclared identifier 'id'

[ERROR] tests/10-test-with-and-array.pascalm:19.16-19.21: error: Undeclared identifier 'valor'

[ERROR] tests/10-test-with-and-array.pascalm:21.4-22.0: error: Compilation failed due to semantic errors.


clang: error: no such file or directory: 'build/gen/10-test-with-and-array.c'
clang: error: no input files
[DEBUG] NODE_BINARY_EXPR
Allocation count times 0!
[DEBUG] NODE_LITERAL
[DEBUG] NODE_BINARY_EXPR
[DEBUG] NODE_BINARY_EXPR
Allocation count times 0!
Allocation count times 0!
[ERROR] tests/5-array-record.pascalm:3.12-6.5: error: The node of kind NODE_RECORD_TYPE is not mapped here (155)

[DEBUG] Estamos colocando na tabela de símbolos: TPessoa e o símbolo kind: SYMBOL_TYPE

[DEBUG] Estamos colocando na tabela de símbolos: MyInt e o símbolo kind: SYMBOL_TYPE

[ERROR] tests/5-array-record.pascalm:13.2-13.15: error: Attempt to access a field on a non-record type.

[DEBUG] NODE_LITERAL
[DEBUG] Qual os tipos? [dest: 0x0(0x0)] - [src: 0x60b000000300(0x607000001f30)]
[ERROR] tests/5-array-record.pascalm:13.2-13.25: error: Type mismatch in assignment.

[ERROR] tests/5-array-record.pascalm:14.2-14.16: error: Attempt to access a field on a non-record type.

[DEBUG] NODE_LITERAL
[DEBUG] Qual os tipos? [dest: 0x0(0x0)] - [src: 0x60b000000040(0x607000002010)]
[ERROR] tests/5-array-record.pascalm:14.2-14.22: error: Type mismatch in assignment.

[ERROR] tests/5-array-record.pascalm:15.2-15.15: error: Attempt to access a field on a non-record type.

[DEBUG] NODE_LITERAL
[DEBUG] Qual os tipos? [dest: 0x0(0x0)] - [src: 0x60b000000300(0x6070000020f0)]
[ERROR] tests/5-array-record.pascalm:15.2-15.26: error: Type mismatch in assignment.

[ERROR] tests/5-array-record.pascalm:16.2-16.16: error: Attempt to access a field on a non-record type.

[DEBUG] NODE_LITERAL
[DEBUG] Qual os tipos? [dest: 0x0(0x0)] - [src: 0x60b000000040(0x6070000021d0)]
[ERROR] tests/5-array-record.pascalm:16.2-16.22: error: Type mismatch in assignment.

[DEBUG] NODE_ARRAY_ACCESS
[ERROR] tests/5-array-record.pascalm:18.2-18.15: error: Attempt to access a field on a non-record type.

[DEBUG] NODE_LITERAL
[DEBUG] Qual os tipos? [dest: 0x0(0x0)] - [src: 0x60b000000300(0x6070000022b0)]
[ERROR] tests/5-array-record.pascalm:18.2-18.34: error: Type mismatch in assignment.

[DEBUG] NODE_LITERAL
[DEBUG] NODE_BINARY_EXPR
[ERROR] tests/5-array-record.pascalm:25.23-25.36: error: Attempt to access a field on a non-record type.

[ERROR] tests/5-array-record.pascalm:25.51-25.65: error: Attempt to access a field on a non-record type.

[ERROR] tests/5-array-record.pascalm:27.4-28.0: error: Compilation failed due to semantic errors.


clang: error: no such file or directory: 'build/gen/5-array-record.c'
clang: error: no input files
[DEBUG] NODE_IDENTIFIER
[DEBUG] NODE_IDENTIFIER
[DEBUG] NODE_IDENTIFIER
[DEBUG] NODE_LITERAL
[DEBUG] NODE_LITERAL
Allocation count times 0!
[DEBUG] NODE_LITERAL
[DEBUG] NODE_FUNC_CALL
Allocation count times 0!
build/gen/7-function.c:10:11: warning: equality comparison with extraneous parentheses [-Wparentheses-equality]
   10 |     if((n == 0)) {
      |         ~~^~~~
build/gen/7-function.c:10:11: note: remove extraneous parentheses around the comparison to silence this warning
   10 |     if((n == 0)) {
      |        ~  ^   ~
build/gen/7-function.c:10:11: note: use '=' to turn this equality comparison into an assignment
   10 |     if((n == 0)) {
      |           ^~
      |           =
1 warning generated.
[ERROR] tests/8-test-failures.pascalm:24.21-24.22: error: Illegal input in

[DEBUG] NODE_BINARY_EXPR
[DEBUG] NODE_LITERAL
[DEBUG] NODE_IDENTIFIER
[DEBUG] NODE_BINARY_EXPR
[ERROR] tests/8-test-failures.pascalm:22.8-22.9: error: An L-value (variable) is expected for a VAR parameter.

[DEBUG] NODE_FUNC_CALL
[ERROR] tests/8-test-failures.pascalm:26.10-26.32: error: Undeclared identifier 'variavel_nao_declarada'

[ERROR] tests/8-test-failures.pascalm:27.4-28.0: error: Compilation failed due to semantic errors.


clang: error: no such file or directory: 'build/gen/8-test-failures.c'
clang: error: no input files
[ERROR] tests/9-test-with.pascalm:3.11-5.5: error: The node of kind NODE_RECORD_TYPE is not mapped here (155)

[DEBUG] Estamos colocando na tabela de símbolos: TPonto e o símbolo kind: SYMBOL_TYPE

[ERROR] tests/9-test-with.pascalm:9.2-9.5: error: Attempt to access a field on a non-record type.

[DEBUG] NODE_LITERAL
[DEBUG] Qual os tipos? [dest: 0x0(0x0)] - [src: 0x60b000000040(0x6070000010c0)]
[ERROR] tests/9-test-with.pascalm:9.2-9.12: error: Type mismatch in assignment.

[ERROR] tests/9-test-with.pascalm:10.2-10.5: error: Attempt to access a field on a non-record type.

[DEBUG] NODE_LITERAL
[DEBUG] Qual os tipos? [dest: 0x0(0x0)] - [src: 0x60b000000040(0x6070000011a0)]
[ERROR] tests/9-test-with.pascalm:10.2-10.12: error: Type mismatch in assignment.

[ERROR] tests/9-test-with.pascalm:12.7-12.8: error: Variable in WITH statement is not a record type.

[ERROR] tests/9-test-with.pascalm:16.12-16.13: error: Undeclared identifier 'x'

[ERROR] tests/9-test-with.pascalm:16.15-16.16: error: Undeclared identifier 'y'

[ERROR] tests/9-test-with.pascalm:18.4-19.0: error: Compilation failed due to semantic errors.


clang: error: no such file or directory: 'build/gen/9-test-with.c'
clang: error: no input files
[DEBUG] Estamos colocando na tabela de símbolos: IntArray e o símbolo kind: SYMBOL_TYPE

[ERROR] tests/complex-test.pascalm:6.14-6.25: error: The node of kind NODE_SET_TYPE is not mapped here (155)

[DEBUG] Estamos colocando na tabela de símbolos: CharSet e o símbolo kind: SYMBOL_TYPE

[ERROR] tests/complex-test.pascalm:7.13-11.7: error: The node of kind NODE_RECORD_TYPE is not mapped here (155)

[DEBUG] Estamos colocando na tabela de símbolos: Person e o símbolo kind: SYMBOL_TYPE

[DEBUG] Estamos colocando na tabela de símbolos: Max e o símbolo kind: SYMBOL_TYPE

[ERROR] tests/complex-test.pascalm:21.4-21.10: error: Attempt to access a field on a non-record type.

[DEBUG] NODE_IDENTIFIER
[DEBUG] Qual os tipos? [dest: 0x0(0x0)] - [src: 0x60b000000300(0x607000001600)]
[ERROR] tests/complex-test.pascalm:21.4-21.18: error: Type mismatch in assignment.

[ERROR] tests/complex-test.pascalm:22.4-22.9: error: Attempt to access a field on a non-record type.

[DEBUG] NODE_IDENTIFIER
[DEBUG] Qual os tipos? [dest: 0x0(0x0)] - [src: 0x60b000000040(0x607000001750)]
[ERROR] tests/complex-test.pascalm:22.4-22.16: error: Type mismatch in assignment.

[ERROR] tests/complex-test.pascalm:24.8-24.16: error: Attempt to access a field on a non-record type.

[DEBUG] NODE_LITERAL
[DEBUG] Qual os tipos? [dest: 0x0(0x0)] - [src: 0x60b000000040(0x607000003510)]
[ERROR] tests/complex-test.pascalm:24.8-24.24: error: Type mismatch in assignment.

[DEBUG] Qual os tipos? [dest: 0x60b0000001a0(0x607000001ec0)] - [src: 0x0(0x0)]
[ERROR] tests/complex-test.pascalm:29.4-29.26: error: Incompatible type for function return value.

[DEBUG] NODE_SET_CONSTRUCTOR
[DEBUG] Qual os tipos? [dest: 0x60b000000510(0x6060000013a0)] - [src: 0x0(0x0)]
[ERROR] tests/complex-test.pascalm:33.4-33.39: error: Type mismatch in assignment.

[ERROR] tests/complex-test.pascalm:36.4-36.20: error: Attempt to access a field on a non-record type.

[DEBUG] NODE_LITERAL
[DEBUG] Qual os tipos? [dest: 0x0(0x0)] - [src: 0x60b000000040(0x6070000037b0)]
[ERROR] tests/complex-test.pascalm:36.4-36.29: error: Type mismatch in assignment.

[ERROR] tests/complex-test.pascalm:37.4-37.20: error: Attempt to access a field on a non-record type.

[DEBUG] NODE_LITERAL
[DEBUG] Qual os tipos? [dest: 0x0(0x0)] - [src: 0x60b000000040(0x607000003890)]
[ERROR] tests/complex-test.pascalm:37.4-37.29: error: Type mismatch in assignment.

[ERROR] tests/complex-test.pascalm:43.11-43.27: error: Attempt to access a field on a non-record type.

[ERROR] tests/complex-test.pascalm:44.39-44.55: error: Attempt to access a field on a non-record type.

[ERROR] tests/complex-test.pascalm:45.4-46.0: error: Compilation failed due to semantic errors.


clang: error: no such file or directory: 'build/gen/complex-test.c'
clang: error: no input files
[ERROR] tests/full-test.pascalm:13.11-16.5: error: The node of kind NODE_RECORD_TYPE is not mapped here (155)

[DEBUG] Estamos colocando na tabela de símbolos: TAluno e o símbolo kind: SYMBOL_TYPE

[ERROR] tests/full-test.pascalm:45.8-45.14: error: Attempt to access a field on a non-record type.

[ERROR] tests/full-test.pascalm:45.22-45.28: error: Attempt to access a field on a non-record type.

[DEBUG] NODE_LITERAL
[ERROR] tests/full-test.pascalm:72.4-72.18: error: Attempt to access a field on a non-record type.

[DEBUG] NODE_BINARY_EXPR
[DEBUG] Qual os tipos? [dest: 0x0(0x0)] - [src: 0x60b000000040(0x6070000066f0)]
[ERROR] tests/full-test.pascalm:72.4-72.43: error: Type mismatch in assignment.

[ERROR] tests/full-test.pascalm:73.4-73.18: error: Attempt to access a field on a non-record type.

[DEBUG] NODE_BINARY_EXPR
[DEBUG] Qual os tipos? [dest: 0x0(0x0)] - [src: 0x60b000000040(0x6070000068b0)]
[ERROR] tests/full-test.pascalm:73.4-73.28: error: Type mismatch in assignment.

[ERROR] tests/full-test.pascalm:74.19-74.33: error: Attempt to access a field on a non-record type.

semantic-analyzer/analyzer.c:1355:36: runtime error: member access within null pointer of type 'SymbolEntry' (aka 'struct SymbolEntry')
SUMMARY: UndefinedBehaviorSanitizer: undefined-behavior semantic-analyzer/analyzer.c:1355:36 
AddressSanitizer:DEADLYSIGNAL
=================================================================
==75195==ERROR: AddressSanitizer: SEGV on unknown address 0x000000000018 (pc 0x000102d04d04 bp 0x00016d148eb0 sp 0x00016d148700 T0)
==75195==The signal is caused by a READ memory access.
==75195==Hint: address points to the zero page.
    #0 0x000102d04d04 in analyze_expression analyzer.c:1355
    #1 0x000102d01b40 in analyze_statement analyzer.c:1639
    #2 0x000102d00498 in analyze_statement analyzer.c:1689
    #3 0x000102d00498 in analyze_statement analyzer.c:1689
    #4 0x000102d00498 in analyze_statement analyzer.c:1689
    #5 0x000102cfccf4 in analyze_semantics analyzer.c:1958
    #6 0x000102d25f04 in main main.c:95
    #7 0x000194946b48  (<unknown module>)

==75195==Register values:
 x[0] = 0x0000000000000000   x[1] = 0x0000000000000000   x[2] = 0x0000000000000000   x[3] = 0x0000000000000000  
 x[4] = 0x0000000000000000   x[5] = 0x0000000000000000   x[6] = 0x0000000000000000   x[7] = 0x0000000000000000  
 x[8] = 0x0000000000000000   x[9] = 0x0000000000000000  x[10] = 0x0000000000000000  x[11] = 0x0000007000020000  
x[12] = 0x0000000000000000  x[13] = 0x0000000000000000  x[14] = 0x0000000000000000  x[15] = 0x0000000000000000  
x[16] = 0x0000000000000000  x[17] = 0x0000000000000000  x[18] = 0x0000000000000000  x[19] = 0x000000016d148da0  
x[20] = 0x0000000000000000  x[21] = 0x000000702da490e0  x[22] = 0x0000000000000000  x[23] = 0x0000000000000000  
x[24] = 0x000060b000000040  x[25] = 0x0000000000000018  x[26] = 0x0000000000000000  x[27] = 0x0000000000000003  
x[28] = 0x0000000000000000     fp = 0x000000016d148eb0     lr = 0x0000000102d071d4     sp = 0x000000016d148700  
AddressSanitizer can not provide additional info.
SUMMARY: AddressSanitizer: SEGV analyzer.c:1355 in analyze_expression
==75195==ABORTING
clang: error: no such file or directory: 'build/gen/full-test.c'
clang: error: no input files
[ERROR] tests/hr-company.pascalm:4.16-6.5: error: The node of kind NODE_RECORD_TYPE is not mapped here (155)

[DEBUG] Estamos colocando na tabela de símbolos: ContactInfo e o símbolo kind: SYMBOL_TYPE

[ERROR] tests/hr-company.pascalm:8.19-8.48: error: The node of kind NODE_ENUMERATED_TYPE is not mapped here (155)

[DEBUG] Estamos colocando na tabela de símbolos: EmployeeStatus e o símbolo kind: SYMBOL_TYPE

[ERROR] tests/hr-company.pascalm:10.13-22.5: error: The node of kind NODE_RECORD_TYPE is not mapped here (155)

[DEBUG] Estamos colocando na tabela de símbolos: Employee e o símbolo kind: SYMBOL_TYPE

[ERROR] tests/hr-company.pascalm:29.2-29.12: error: Attempt to access a field on a non-record type.

[DEBUG] NODE_LITERAL
[DEBUG] Qual os tipos? [dest: 0x0(0x0)] - [src: 0x60b000000040(0x607000002550)]
[ERROR] tests/hr-company.pascalm:29.2-29.19: error: Type mismatch in assignment.

[ERROR] tests/hr-company.pascalm:30.2-30.17: error: Attempt to access a field on a non-record type.

[ERROR] tests/hr-company.pascalm:30.2-30.23: error: Could not determine the type of the record variable.

[DEBUG] NODE_LITERAL
[DEBUG] Qual os tipos? [dest: 0x0(0x0)] - [src: 0x60b000000300(0x607000002630)]
[ERROR] tests/hr-company.pascalm:30.2-30.45: error: Type mismatch in assignment.

[ERROR] tests/hr-company.pascalm:31.2-31.16: error: Attempt to access a field on a non-record type.

[ERROR] tests/hr-company.pascalm:31.20-31.26: error: Undeclared identifier 'Active'

[DEBUG] NODE_IDENTIFIER
[DEBUG] Qual os tipos? [dest: 0x0(0x0)] - [src: 0x0(0x0)]
[ERROR] tests/hr-company.pascalm:31.2-31.26: error: Type mismatch in assignment.

[ERROR] tests/hr-company.pascalm:32.2-32.16: error: Attempt to access a field on a non-record type.

[DEBUG] NODE_LITERAL
[DEBUG] Qual os tipos? [dest: 0x0(0x0)] - [src: 0x60b0000000f0(0x607000002710)]
[ERROR] tests/hr-company.pascalm:32.2-32.26: error: Type mismatch in assignment.

[ERROR] tests/hr-company.pascalm:34.2-34.12: error: Attempt to access a field on a non-record type.

[DEBUG] NODE_LITERAL
[DEBUG] Qual os tipos? [dest: 0x0(0x0)] - [src: 0x60b000000040(0x6070000027f0)]
[ERROR] tests/hr-company.pascalm:34.2-34.19: error: Type mismatch in assignment.

[ERROR] tests/hr-company.pascalm:35.2-35.16: error: Attempt to access a field on a non-record type.

[ERROR] tests/hr-company.pascalm:35.20-35.26: error: Undeclared identifier 'Active'

[DEBUG] NODE_IDENTIFIER
[DEBUG] Qual os tipos? [dest: 0x0(0x0)] - [src: 0x0(0x0)]
[ERROR] tests/hr-company.pascalm:35.2-35.26: error: Type mismatch in assignment.

[ERROR] tests/hr-company.pascalm:36.2-36.18: error: Attempt to access a field on a non-record type.

[DEBUG] NODE_LITERAL
[DEBUG] Qual os tipos? [dest: 0x0(0x0)] - [src: 0x60b000000300(0x6070000028d0)]
[ERROR] tests/hr-company.pascalm:36.2-36.43: error: Type mismatch in assignment.

[ERROR] tests/hr-company.pascalm:38.4-39.0: error: Compilation failed due to semantic errors.


clang: error: no such file or directory: 'build/gen/hr-company.c'
clang: error: no input files
semantic-analyzer/analyzer.c:74:56: warning: unused parameter 'context' [-Wunused-parameter]
   74 |                                       CompilerContext *context) {
      |                                                        ^
semantic-analyzer/analyzer.c:190:15: warning: format specifies type 'char *' but the argument has type 'SymbolEntry *' (aka 'struct SymbolEntry *') [-Wformat]
  189 |     LOG_DEBUG("é um alias mesmo, ta nulo? %s", 
      |                                           ~~
  190 |               type_symbol->info.type_info.aliased_type);
      |               ^~~~~~~~~~~~~~~~~~~~~~~~~~~~~~~~~~~~~~~~
semantic-analyzer/../logger.h:13:21: note: expanded from macro 'LOG_DEBUG'
   13 |     fprintf(stderr, __VA_ARGS__);                                              \
      |                     ^~~~~~~~~~~
semantic-analyzer/analyzer.c:467:54: warning: unused parameter 'context' [-Wunused-parameter]
  467 | void analyze_labels(ASTNode *label, CompilerContext *context) {
      |                                                      ^
semantic-analyzer/analyzer.c:1410:14: warning: unused variable 'l_is_char' [-Wunused-variable]
 1410 |         bool l_is_char = strcmp(l_name, "char") == 0;
      |              ^~~~~~~~~
semantic-analyzer/analyzer.c:1411:14: warning: unused variable 'r_is_char' [-Wunused-variable]
 1411 |         bool r_is_char = strcmp(r_name, "char") == 0;
      |              ^~~~~~~~~
semantic-analyzer/analyzer.c:1412:14: warning: unused variable 'l_is_string' [-Wunused-variable]
 1412 |         bool l_is_string = strcmp(l_name, "string") == 0;
      |              ^~~~~~~~~~~
semantic-analyzer/analyzer.c:1413:14: warning: unused variable 'r_is_string' [-Wunused-variable]
 1413 |         bool r_is_string = strcmp(r_name, "string") == 0;
      |              ^~~~~~~~~~~
semantic-analyzer/analyzer.c:1477:16: warning: unused variable 'index_list' [-Wunused-variable]
 1477 |     IndexList *index_list = (IndexList *)array->index_list;
      |                ^~~~~~~~~~
semantic-analyzer/analyzer.c:1478:18: warning: unused variable 'array_type_symbol' [-Wunused-variable]
 1478 |     SymbolEntry *array_type_symbol =
      |                  ^~~~~~~~~~~~~~~~~
semantic-analyzer/analyzer.c:1782:20: warning: unused variable 'rec_symbol' [-Wunused-variable]
 1782 |       SymbolEntry *rec_symbol = resolve_to_type_symbol(rec_var_expr, context);
      |                    ^~~~~~~~~~
semantic-analyzer/analyzer.c:1858:27: warning: unused variable 'tag_tid' [-Wunused-variable]
 1858 |       TypeIdentifierNode *tag_tid = (TypeIdentifierNode *)tag->tag_type;
      |                           ^~~~~~~
11 warnings generated.
[DEBUG] NODE_LITERAL
[DEBUG] NODE_BINARY_EXPR
Allocation count times 0!
[ERROR] tests/10-test-with-and-array.pascalm:3.10-6.5: error: The node of kind NODE_RECORD_TYPE is not mapped here (155)

[DEBUG] Estamos colocando na tabela de símbolos: TInfo e o símbolo kind: SYMBOL_TYPE

[ERROR] tests/10-test-with-and-array.pascalm:10.2-10.13: error: Attempt to access a field on a non-record type.

[DEBUG] NODE_LITERAL
[DEBUG] Qual os tipos? [dest: 0x0(0x0)] - [src: 0x60b000000040(0x607000001280)]
[ERROR] tests/10-test-with-and-array.pascalm:10.2-10.19: error: Type mismatch in assignment.

[ERROR] tests/10-test-with-and-array.pascalm:11.2-11.16: error: Attempt to access a field on a non-record type.

[DEBUG] NODE_LITERAL
[DEBUG] Qual os tipos? [dest: 0x0(0x0)] - [src: 0x60b000000300(0x607000001360)]
[ERROR] tests/10-test-with-and-array.pascalm:11.2-11.27: error: Type mismatch in assignment.

[ERROR] tests/10-test-with-and-array.pascalm:15.7-15.15: error: Variable in WITH statement is not a record type.

[ERROR] tests/10-test-with-and-array.pascalm:19.12-19.14: error: Undeclared identifier 'id'

[ERROR] tests/10-test-with-and-array.pascalm:19.16-19.21: error: Undeclared identifier 'valor'

[ERROR] tests/10-test-with-and-array.pascalm:21.4-22.0: error: Compilation failed due to semantic errors.


clang: error: no such file or directory: 'build/gen/10-test-with-and-array.c'
clang: error: no input files
[DEBUG] NODE_BINARY_EXPR
Allocation count times 0!
[DEBUG] NODE_LITERAL
[DEBUG] NODE_BINARY_EXPR
[DEBUG] NODE_BINARY_EXPR
Allocation count times 0!
Allocation count times 0!
[ERROR] tests/5-array-record.pascalm:3.12-6.5: error: The node of kind NODE_RECORD_TYPE is not mapped here (155)

[DEBUG] Estamos colocando na tabela de símbolos: TPessoa e o símbolo kind: SYMBOL_TYPE

[DEBUG] Estamos colocando na tabela de símbolos: MyInt e o símbolo kind: SYMBOL_TYPE

[ERROR] tests/5-array-record.pascalm:13.2-13.15: error: Attempt to access a field on a non-record type.

[DEBUG] NODE_LITERAL
[DEBUG] Qual os tipos? [dest: 0x0(0x0)] - [src: 0x60b000000300(0x607000001f30)]
[ERROR] tests/5-array-record.pascalm:13.2-13.25: error: Type mismatch in assignment.

[ERROR] tests/5-array-record.pascalm:14.2-14.16: error: Attempt to access a field on a non-record type.

[DEBUG] NODE_LITERAL
[DEBUG] Qual os tipos? [dest: 0x0(0x0)] - [src: 0x60b000000040(0x607000002010)]
[ERROR] tests/5-array-record.pascalm:14.2-14.22: error: Type mismatch in assignment.

[ERROR] tests/5-array-record.pascalm:15.2-15.15: error: Attempt to access a field on a non-record type.

[DEBUG] NODE_LITERAL
[DEBUG] Qual os tipos? [dest: 0x0(0x0)] - [src: 0x60b000000300(0x6070000020f0)]
[ERROR] tests/5-array-record.pascalm:15.2-15.26: error: Type mismatch in assignment.

[ERROR] tests/5-array-record.pascalm:16.2-16.16: error: Attempt to access a field on a non-record type.

[DEBUG] NODE_LITERAL
[DEBUG] Qual os tipos? [dest: 0x0(0x0)] - [src: 0x60b000000040(0x6070000021d0)]
[ERROR] tests/5-array-record.pascalm:16.2-16.22: error: Type mismatch in assignment.

[DEBUG] NODE_ARRAY_ACCESS
[ERROR] tests/5-array-record.pascalm:18.2-18.15: error: Attempt to access a field on a non-record type.

[DEBUG] NODE_LITERAL
[DEBUG] Qual os tipos? [dest: 0x0(0x0)] - [src: 0x60b000000300(0x6070000022b0)]
[ERROR] tests/5-array-record.pascalm:18.2-18.34: error: Type mismatch in assignment.

[DEBUG] NODE_LITERAL
[DEBUG] NODE_BINARY_EXPR
[ERROR] tests/5-array-record.pascalm:25.23-25.36: error: Attempt to access a field on a non-record type.

[ERROR] tests/5-array-record.pascalm:25.51-25.65: error: Attempt to access a field on a non-record type.

[ERROR] tests/5-array-record.pascalm:27.4-28.0: error: Compilation failed due to semantic errors.


clang: error: no such file or directory: 'build/gen/5-array-record.c'
clang: error: no input files
[DEBUG] NODE_IDENTIFIER
[DEBUG] NODE_IDENTIFIER
[DEBUG] NODE_IDENTIFIER
[DEBUG] NODE_LITERAL
[DEBUG] NODE_LITERAL
Allocation count times 0!
[DEBUG] NODE_LITERAL
[DEBUG] NODE_FUNC_CALL
Allocation count times 0!
build/gen/7-function.c:10:11: warning: equality comparison with extraneous parentheses [-Wparentheses-equality]
   10 |     if((n == 0)) {
      |         ~~^~~~
build/gen/7-function.c:10:11: note: remove extraneous parentheses around the comparison to silence this warning
   10 |     if((n == 0)) {
      |        ~  ^   ~
build/gen/7-function.c:10:11: note: use '=' to turn this equality comparison into an assignment
   10 |     if((n == 0)) {
      |           ^~
      |           =
1 warning generated.
[ERROR] tests/8-test-failures.pascalm:24.21-24.22: error: Illegal input in

[DEBUG] NODE_BINARY_EXPR
[DEBUG] NODE_LITERAL
[DEBUG] NODE_IDENTIFIER
[DEBUG] NODE_BINARY_EXPR
[ERROR] tests/8-test-failures.pascalm:22.8-22.9: error: An L-value (variable) is expected for a VAR parameter.

[DEBUG] NODE_FUNC_CALL
[ERROR] tests/8-test-failures.pascalm:26.10-26.32: error: Undeclared identifier 'variavel_nao_declarada'

[ERROR] tests/8-test-failures.pascalm:27.4-28.0: error: Compilation failed due to semantic errors.


clang: error: no such file or directory: 'build/gen/8-test-failures.c'
clang: error: no input files
[ERROR] tests/9-test-with.pascalm:3.11-5.5: error: The node of kind NODE_RECORD_TYPE is not mapped here (155)

[DEBUG] Estamos colocando na tabela de símbolos: TPonto e o símbolo kind: SYMBOL_TYPE

[ERROR] tests/9-test-with.pascalm:9.2-9.5: error: Attempt to access a field on a non-record type.

[DEBUG] NODE_LITERAL
[DEBUG] Qual os tipos? [dest: 0x0(0x0)] - [src: 0x60b000000040(0x6070000010c0)]
[ERROR] tests/9-test-with.pascalm:9.2-9.12: error: Type mismatch in assignment.

[ERROR] tests/9-test-with.pascalm:10.2-10.5: error: Attempt to access a field on a non-record type.

[DEBUG] NODE_LITERAL
[DEBUG] Qual os tipos? [dest: 0x0(0x0)] - [src: 0x60b000000040(0x6070000011a0)]
[ERROR] tests/9-test-with.pascalm:10.2-10.12: error: Type mismatch in assignment.

[ERROR] tests/9-test-with.pascalm:12.7-12.8: error: Variable in WITH statement is not a record type.

[ERROR] tests/9-test-with.pascalm:16.12-16.13: error: Undeclared identifier 'x'

[ERROR] tests/9-test-with.pascalm:16.15-16.16: error: Undeclared identifier 'y'

[ERROR] tests/9-test-with.pascalm:18.4-19.0: error: Compilation failed due to semantic errors.


clang: error: no such file or directory: 'build/gen/9-test-with.c'
clang: error: no input files
[DEBUG] Estamos colocando na tabela de símbolos: IntArray e o símbolo kind: SYMBOL_TYPE

[ERROR] tests/complex-test.pascalm:6.14-6.25: error: The node of kind NODE_SET_TYPE is not mapped here (155)

[DEBUG] Estamos colocando na tabela de símbolos: CharSet e o símbolo kind: SYMBOL_TYPE

[ERROR] tests/complex-test.pascalm:7.13-11.7: error: The node of kind NODE_RECORD_TYPE is not mapped here (155)

[DEBUG] Estamos colocando na tabela de símbolos: Person e o símbolo kind: SYMBOL_TYPE

[DEBUG] Estamos colocando na tabela de símbolos: Max e o símbolo kind: SYMBOL_TYPE

[ERROR] tests/complex-test.pascalm:21.4-21.10: error: Attempt to access a field on a non-record type.

[DEBUG] NODE_IDENTIFIER
[DEBUG] Qual os tipos? [dest: 0x0(0x0)] - [src: 0x60b000000300(0x607000001600)]
[ERROR] tests/complex-test.pascalm:21.4-21.18: error: Type mismatch in assignment.

[ERROR] tests/complex-test.pascalm:22.4-22.9: error: Attempt to access a field on a non-record type.

[DEBUG] NODE_IDENTIFIER
[DEBUG] Qual os tipos? [dest: 0x0(0x0)] - [src: 0x60b000000040(0x607000001750)]
[ERROR] tests/complex-test.pascalm:22.4-22.16: error: Type mismatch in assignment.

[ERROR] tests/complex-test.pascalm:24.8-24.16: error: Attempt to access a field on a non-record type.

[DEBUG] NODE_LITERAL
[DEBUG] Qual os tipos? [dest: 0x0(0x0)] - [src: 0x60b000000040(0x607000003510)]
[ERROR] tests/complex-test.pascalm:24.8-24.24: error: Type mismatch in assignment.

[DEBUG] Qual os tipos? [dest: 0x60b0000001a0(0x607000001ec0)] - [src: 0x0(0x0)]
[ERROR] tests/complex-test.pascalm:29.4-29.26: error: Incompatible type for function return value.

[DEBUG] NODE_SET_CONSTRUCTOR
[DEBUG] Qual os tipos? [dest: 0x60b000000510(0x6060000013a0)] - [src: 0x0(0x0)]
[ERROR] tests/complex-test.pascalm:33.4-33.39: error: Type mismatch in assignment.

[ERROR] tests/complex-test.pascalm:36.4-36.20: error: Attempt to access a field on a non-record type.

[DEBUG] NODE_LITERAL
[DEBUG] Qual os tipos? [dest: 0x0(0x0)] - [src: 0x60b000000040(0x6070000037b0)]
[ERROR] tests/complex-test.pascalm:36.4-36.29: error: Type mismatch in assignment.

[ERROR] tests/complex-test.pascalm:37.4-37.20: error: Attempt to access a field on a non-record type.

[DEBUG] NODE_LITERAL
[DEBUG] Qual os tipos? [dest: 0x0(0x0)] - [src: 0x60b000000040(0x607000003890)]
[ERROR] tests/complex-test.pascalm:37.4-37.29: error: Type mismatch in assignment.

[ERROR] tests/complex-test.pascalm:43.11-43.27: error: Attempt to access a field on a non-record type.

[ERROR] tests/complex-test.pascalm:44.39-44.55: error: Attempt to access a field on a non-record type.

[ERROR] tests/complex-test.pascalm:45.4-46.0: error: Compilation failed due to semantic errors.


clang: error: no such file or directory: 'build/gen/complex-test.c'
clang: error: no input files
[ERROR] tests/full-test.pascalm:13.11-16.5: error: The node of kind NODE_RECORD_TYPE is not mapped here (155)

[DEBUG] Estamos colocando na tabela de símbolos: TAluno e o símbolo kind: SYMBOL_TYPE

[ERROR] tests/full-test.pascalm:45.8-45.14: error: Attempt to access a field on a non-record type.

[ERROR] tests/full-test.pascalm:45.22-45.28: error: Attempt to access a field on a non-record type.

[DEBUG] NODE_LITERAL
[ERROR] tests/full-test.pascalm:72.4-72.18: error: Attempt to access a field on a non-record type.

[DEBUG] NODE_BINARY_EXPR
[DEBUG] Qual os tipos? [dest: 0x0(0x0)] - [src: 0x60b000000040(0x6070000066f0)]
[ERROR] tests/full-test.pascalm:72.4-72.43: error: Type mismatch in assignment.

[ERROR] tests/full-test.pascalm:73.4-73.18: error: Attempt to access a field on a non-record type.

[DEBUG] NODE_BINARY_EXPR
[DEBUG] Qual os tipos? [dest: 0x0(0x0)] - [src: 0x60b000000040(0x6070000068b0)]
[ERROR] tests/full-test.pascalm:73.4-73.28: error: Type mismatch in assignment.

[ERROR] tests/full-test.pascalm:74.19-74.33: error: Attempt to access a field on a non-record type.

semantic-analyzer/analyzer.c:1355:36: runtime error: member access within null pointer of type 'SymbolEntry' (aka 'struct SymbolEntry')
SUMMARY: UndefinedBehaviorSanitizer: undefined-behavior semantic-analyzer/analyzer.c:1355:36 
AddressSanitizer:DEADLYSIGNAL
=================================================================
==77006==ERROR: AddressSanitizer: SEGV on unknown address 0x000000000018 (pc 0x000100204d04 bp 0x00016fc48eb0 sp 0x00016fc48700 T0)
==77006==The signal is caused by a READ memory access.
==77006==Hint: address points to the zero page.
    #0 0x000100204d04 in analyze_expression analyzer.c:1355
    #1 0x000100201b40 in analyze_statement analyzer.c:1639
    #2 0x000100200498 in analyze_statement analyzer.c:1689
    #3 0x000100200498 in analyze_statement analyzer.c:1689
    #4 0x000100200498 in analyze_statement analyzer.c:1689
    #5 0x0001001fccf4 in analyze_semantics analyzer.c:1958
    #6 0x000100225f04 in main main.c:95
    #7 0x000194946b48  (<unknown module>)

==77006==Register values:
 x[0] = 0x0000000000000000   x[1] = 0x0000000000000000   x[2] = 0x0000000000000000   x[3] = 0x0000000000000000  
 x[4] = 0x0000000000000000   x[5] = 0x0000000000000000   x[6] = 0x0000000000000000   x[7] = 0x0000000000000000  
 x[8] = 0x0000000000000000   x[9] = 0x0000000000000000  x[10] = 0x0000000000000000  x[11] = 0x0000007000020000  
x[12] = 0x0000000000000000  x[13] = 0x0000000000000000  x[14] = 0x0000000000000000  x[15] = 0x0000000000000000  
x[16] = 0x0000000000000000  x[17] = 0x0000000000000000  x[18] = 0x0000000000000000  x[19] = 0x000000016fc48da0  
x[20] = 0x0000000000000000  x[21] = 0x000000702dfa90e0  x[22] = 0x0000000000000000  x[23] = 0x0000000000000000  
x[24] = 0x000060b000000040  x[25] = 0x0000000000000018  x[26] = 0x0000000000000000  x[27] = 0x0000000000000003  
x[28] = 0x0000000000000000     fp = 0x000000016fc48eb0     lr = 0x00000001002071d4     sp = 0x000000016fc48700  
AddressSanitizer can not provide additional info.
SUMMARY: AddressSanitizer: SEGV analyzer.c:1355 in analyze_expression
==77006==ABORTING
clang: error: no such file or directory: 'build/gen/full-test.c'
clang: error: no input files
[ERROR] tests/hr-company.pascalm:4.16-6.5: error: The node of kind NODE_RECORD_TYPE is not mapped here (155)

[DEBUG] Estamos colocando na tabela de símbolos: ContactInfo e o símbolo kind: SYMBOL_TYPE

[ERROR] tests/hr-company.pascalm:8.19-8.48: error: The node of kind NODE_ENUMERATED_TYPE is not mapped here (155)

[DEBUG] Estamos colocando na tabela de símbolos: EmployeeStatus e o símbolo kind: SYMBOL_TYPE

[ERROR] tests/hr-company.pascalm:10.13-22.5: error: The node of kind NODE_RECORD_TYPE is not mapped here (155)

[DEBUG] Estamos colocando na tabela de símbolos: Employee e o símbolo kind: SYMBOL_TYPE

[ERROR] tests/hr-company.pascalm:29.2-29.12: error: Attempt to access a field on a non-record type.

[DEBUG] NODE_LITERAL
[DEBUG] Qual os tipos? [dest: 0x0(0x0)] - [src: 0x60b000000040(0x607000002550)]
[ERROR] tests/hr-company.pascalm:29.2-29.19: error: Type mismatch in assignment.

[ERROR] tests/hr-company.pascalm:30.2-30.17: error: Attempt to access a field on a non-record type.

[ERROR] tests/hr-company.pascalm:30.2-30.23: error: Could not determine the type of the record variable.

[DEBUG] NODE_LITERAL
[DEBUG] Qual os tipos? [dest: 0x0(0x0)] - [src: 0x60b000000300(0x607000002630)]
[ERROR] tests/hr-company.pascalm:30.2-30.45: error: Type mismatch in assignment.

[ERROR] tests/hr-company.pascalm:31.2-31.16: error: Attempt to access a field on a non-record type.

[ERROR] tests/hr-company.pascalm:31.20-31.26: error: Undeclared identifier 'Active'

[DEBUG] NODE_IDENTIFIER
[DEBUG] Qual os tipos? [dest: 0x0(0x0)] - [src: 0x0(0x0)]
[ERROR] tests/hr-company.pascalm:31.2-31.26: error: Type mismatch in assignment.

[ERROR] tests/hr-company.pascalm:32.2-32.16: error: Attempt to access a field on a non-record type.

[DEBUG] NODE_LITERAL
[DEBUG] Qual os tipos? [dest: 0x0(0x0)] - [src: 0x60b0000000f0(0x607000002710)]
[ERROR] tests/hr-company.pascalm:32.2-32.26: error: Type mismatch in assignment.

[ERROR] tests/hr-company.pascalm:34.2-34.12: error: Attempt to access a field on a non-record type.

[DEBUG] NODE_LITERAL
[DEBUG] Qual os tipos? [dest: 0x0(0x0)] - [src: 0x60b000000040(0x6070000027f0)]
[ERROR] tests/hr-company.pascalm:34.2-34.19: error: Type mismatch in assignment.

[ERROR] tests/hr-company.pascalm:35.2-35.16: error: Attempt to access a field on a non-record type.

[ERROR] tests/hr-company.pascalm:35.20-35.26: error: Undeclared identifier 'Active'

[DEBUG] NODE_IDENTIFIER
[DEBUG] Qual os tipos? [dest: 0x0(0x0)] - [src: 0x0(0x0)]
[ERROR] tests/hr-company.pascalm:35.2-35.26: error: Type mismatch in assignment.

[ERROR] tests/hr-company.pascalm:36.2-36.18: error: Attempt to access a field on a non-record type.

[DEBUG] NODE_LITERAL
[DEBUG] Qual os tipos? [dest: 0x0(0x0)] - [src: 0x60b000000300(0x6070000028d0)]
[ERROR] tests/hr-company.pascalm:36.2-36.43: error: Type mismatch in assignment.

[ERROR] tests/hr-company.pascalm:38.4-39.0: error: Compilation failed due to semantic errors.


clang: error: no such file or directory: 'build/gen/hr-company.c'
clang: error: no input files
semantic-analyzer/analyzer.c:74:56: warning: unused parameter 'context' [-Wunused-parameter]
   74 |                                       CompilerContext *context) {
      |                                                        ^
semantic-analyzer/analyzer.c:190:15: warning: format specifies type 'char *' but the argument has type 'SymbolEntry *' (aka 'struct SymbolEntry *') [-Wformat]
  189 |     LOG_DEBUG("é um alias mesmo, ta nulo? %s", 
      |                                           ~~
  190 |               type_symbol->info.type_info.aliased_type);
      |               ^~~~~~~~~~~~~~~~~~~~~~~~~~~~~~~~~~~~~~~~
semantic-analyzer/../logger.h:13:21: note: expanded from macro 'LOG_DEBUG'
   13 |     fprintf(stderr, __VA_ARGS__);                                              \
      |                     ^~~~~~~~~~~
semantic-analyzer/analyzer.c:467:54: warning: unused parameter 'context' [-Wunused-parameter]
  467 | void analyze_labels(ASTNode *label, CompilerContext *context) {
      |                                                      ^
semantic-analyzer/analyzer.c:605:26: error: no member named 'type_expr' in 'struct ASTNode'
  605 |       if (type_expr_def->type_expr->type == NODE_RECORD_TYPE) {
      |           ~~~~~~~~~~~~~  ^
semantic-analyzer/analyzer.c:1410:14: warning: unused variable 'l_is_char' [-Wunused-variable]
 1410 |         bool l_is_char = strcmp(l_name, "char") == 0;
      |              ^~~~~~~~~
semantic-analyzer/analyzer.c:1411:14: warning: unused variable 'r_is_char' [-Wunused-variable]
 1411 |         bool r_is_char = strcmp(r_name, "char") == 0;
      |              ^~~~~~~~~
semantic-analyzer/analyzer.c:1412:14: warning: unused variable 'l_is_string' [-Wunused-variable]
 1412 |         bool l_is_string = strcmp(l_name, "string") == 0;
      |              ^~~~~~~~~~~
semantic-analyzer/analyzer.c:1413:14: warning: unused variable 'r_is_string' [-Wunused-variable]
 1413 |         bool r_is_string = strcmp(r_name, "string") == 0;
      |              ^~~~~~~~~~~
semantic-analyzer/analyzer.c:1477:16: warning: unused variable 'index_list' [-Wunused-variable]
 1477 |     IndexList *index_list = (IndexList *)array->index_list;
      |                ^~~~~~~~~~
semantic-analyzer/analyzer.c:1478:18: warning: unused variable 'array_type_symbol' [-Wunused-variable]
 1478 |     SymbolEntry *array_type_symbol =
      |                  ^~~~~~~~~~~~~~~~~
semantic-analyzer/analyzer.c:1782:20: warning: unused variable 'rec_symbol' [-Wunused-variable]
 1782 |       SymbolEntry *rec_symbol = resolve_to_type_symbol(rec_var_expr, context);
      |                    ^~~~~~~~~~
semantic-analyzer/analyzer.c:1858:27: warning: unused variable 'tag_tid' [-Wunused-variable]
 1858 |       TypeIdentifierNode *tag_tid = (TypeIdentifierNode *)tag->tag_type;
      |                           ^~~~~~~
11 warnings and 1 error generated.
semantic-analyzer/analyzer.c:74:56: warning: unused parameter 'context' [-Wunused-parameter]
   74 |                                       CompilerContext *context) {
      |                                                        ^
semantic-analyzer/analyzer.c:190:15: warning: format specifies type 'char *' but the argument has type 'SymbolEntry *' (aka 'struct SymbolEntry *') [-Wformat]
  189 |     LOG_DEBUG("é um alias mesmo, ta nulo? %s", 
      |                                           ~~
  190 |               type_symbol->info.type_info.aliased_type);
      |               ^~~~~~~~~~~~~~~~~~~~~~~~~~~~~~~~~~~~~~~~
semantic-analyzer/../logger.h:13:21: note: expanded from macro 'LOG_DEBUG'
   13 |     fprintf(stderr, __VA_ARGS__);                                              \
      |                     ^~~~~~~~~~~
semantic-analyzer/analyzer.c:467:54: warning: unused parameter 'context' [-Wunused-parameter]
  467 | void analyze_labels(ASTNode *label, CompilerContext *context) {
      |                                                      ^
semantic-analyzer/analyzer.c:1410:14: warning: unused variable 'l_is_char' [-Wunused-variable]
 1410 |         bool l_is_char = strcmp(l_name, "char") == 0;
      |              ^~~~~~~~~
semantic-analyzer/analyzer.c:1411:14: warning: unused variable 'r_is_char' [-Wunused-variable]
 1411 |         bool r_is_char = strcmp(r_name, "char") == 0;
      |              ^~~~~~~~~
semantic-analyzer/analyzer.c:1412:14: warning: unused variable 'l_is_string' [-Wunused-variable]
 1412 |         bool l_is_string = strcmp(l_name, "string") == 0;
      |              ^~~~~~~~~~~
semantic-analyzer/analyzer.c:1413:14: warning: unused variable 'r_is_string' [-Wunused-variable]
 1413 |         bool r_is_string = strcmp(r_name, "string") == 0;
      |              ^~~~~~~~~~~
semantic-analyzer/analyzer.c:1477:16: warning: unused variable 'index_list' [-Wunused-variable]
 1477 |     IndexList *index_list = (IndexList *)array->index_list;
      |                ^~~~~~~~~~
semantic-analyzer/analyzer.c:1478:18: warning: unused variable 'array_type_symbol' [-Wunused-variable]
 1478 |     SymbolEntry *array_type_symbol =
      |                  ^~~~~~~~~~~~~~~~~
semantic-analyzer/analyzer.c:1782:20: warning: unused variable 'rec_symbol' [-Wunused-variable]
 1782 |       SymbolEntry *rec_symbol = resolve_to_type_symbol(rec_var_expr, context);
      |                    ^~~~~~~~~~
semantic-analyzer/analyzer.c:1858:27: warning: unused variable 'tag_tid' [-Wunused-variable]
 1858 |       TypeIdentifierNode *tag_tid = (TypeIdentifierNode *)tag->tag_type;
      |                           ^~~~~~~
11 warnings generated.
[DEBUG] NODE_LITERAL
[DEBUG] NODE_BINARY_EXPR
Allocation count times 0!
[ERROR] tests/10-test-with-and-array.pascalm:3.10-6.5: error: The node of kind NODE_RECORD_TYPE is not mapped here (155)

[DEBUG] Estamos colocando na tabela de símbolos: TInfo e o símbolo kind: SYMBOL_TYPE

[DEBUG] NODE_LITERAL
[DEBUG] NODE_LITERAL
Allocation count times 0!
[DEBUG] NODE_BINARY_EXPR
Allocation count times 0!
[DEBUG] NODE_LITERAL
[DEBUG] NODE_BINARY_EXPR
[DEBUG] NODE_BINARY_EXPR
Allocation count times 0!
Allocation count times 0!
[ERROR] tests/5-array-record.pascalm:3.12-6.5: error: The node of kind NODE_RECORD_TYPE is not mapped here (155)

[DEBUG] Estamos colocando na tabela de símbolos: TPessoa e o símbolo kind: SYMBOL_TYPE

[DEBUG] Estamos colocando na tabela de símbolos: MyInt e o símbolo kind: SYMBOL_TYPE

[DEBUG] NODE_LITERAL
[DEBUG] NODE_LITERAL
[DEBUG] NODE_LITERAL
[DEBUG] NODE_LITERAL
[DEBUG] NODE_ARRAY_ACCESS
[DEBUG] NODE_LITERAL
[DEBUG] NODE_LITERAL
[DEBUG] NODE_BINARY_EXPR
Allocation count times 0!
[DEBUG] NODE_IDENTIFIER
[DEBUG] NODE_IDENTIFIER
[DEBUG] NODE_IDENTIFIER
[DEBUG] NODE_LITERAL
[DEBUG] NODE_LITERAL
Allocation count times 0!
[DEBUG] NODE_LITERAL
[DEBUG] NODE_FUNC_CALL
Allocation count times 0!
build/gen/7-function.c:10:11: warning: equality comparison with extraneous parentheses [-Wparentheses-equality]
   10 |     if((n == 0)) {
      |         ~~^~~~
build/gen/7-function.c:10:11: note: remove extraneous parentheses around the comparison to silence this warning
   10 |     if((n == 0)) {
      |        ~  ^   ~
build/gen/7-function.c:10:11: note: use '=' to turn this equality comparison into an assignment
   10 |     if((n == 0)) {
      |           ^~
      |           =
1 warning generated.
[ERROR] tests/8-test-failures.pascalm:24.21-24.22: error: Illegal input in

[DEBUG] NODE_BINARY_EXPR
[DEBUG] NODE_LITERAL
[DEBUG] NODE_IDENTIFIER
[DEBUG] NODE_BINARY_EXPR
[ERROR] tests/8-test-failures.pascalm:22.8-22.9: error: An L-value (variable) is expected for a VAR parameter.

[DEBUG] NODE_FUNC_CALL
[ERROR] tests/8-test-failures.pascalm:26.10-26.32: error: Undeclared identifier 'variavel_nao_declarada'

[ERROR] tests/8-test-failures.pascalm:27.4-28.0: error: Compilation failed due to semantic errors.


clang: error: no such file or directory: 'build/gen/8-test-failures.c'
clang: error: no input files
[ERROR] tests/9-test-with.pascalm:3.11-5.5: error: The node of kind NODE_RECORD_TYPE is not mapped here (155)

[DEBUG] Estamos colocando na tabela de símbolos: TPonto e o símbolo kind: SYMBOL_TYPE

[DEBUG] NODE_LITERAL
[DEBUG] NODE_LITERAL
[DEBUG] o id deve estar nulo 0
[DEBUG] o id deve estar nulo 0
Allocation count times 0!
[DEBUG] Estamos colocando na tabela de símbolos: IntArray e o símbolo kind: SYMBOL_TYPE

[ERROR] tests/complex-test.pascalm:6.14-6.25: error: The node of kind NODE_SET_TYPE is not mapped here (155)

[DEBUG] Estamos colocando na tabela de símbolos: CharSet e o símbolo kind: SYMBOL_TYPE

[ERROR] tests/complex-test.pascalm:7.13-11.7: error: The node of kind NODE_RECORD_TYPE is not mapped here (155)

[DEBUG] Estamos colocando na tabela de símbolos: Person e o símbolo kind: SYMBOL_TYPE

[DEBUG] Estamos colocando na tabela de símbolos: Max e o símbolo kind: SYMBOL_TYPE

[DEBUG] NODE_IDENTIFIER
[DEBUG] NODE_IDENTIFIER
[DEBUG] NODE_LITERAL
[DEBUG] Qual os tipos? [dest: 0x60b0000001a0(0x607000001ec0)] - [src: 0x0(0x0)]
[ERROR] tests/complex-test.pascalm:29.4-29.26: error: Incompatible type for function return value.

[DEBUG] NODE_SET_CONSTRUCTOR
[DEBUG] Qual os tipos? [dest: 0x60b000000510(0x6060000013a0)] - [src: 0x0(0x0)]
[ERROR] tests/complex-test.pascalm:33.4-33.39: error: Type mismatch in assignment.

[DEBUG] NODE_LITERAL
[DEBUG] NODE_LITERAL
[ERROR] tests/complex-test.pascalm:45.4-46.0: error: Compilation failed due to semantic errors.


clang: error: no such file or directory: 'build/gen/complex-test.c'
clang: error: no input files
[ERROR] tests/full-test.pascalm:13.11-16.5: error: The node of kind NODE_RECORD_TYPE is not mapped here (155)

[DEBUG] Estamos colocando na tabela de símbolos: TAluno e o símbolo kind: SYMBOL_TYPE

[DEBUG] NODE_LITERAL
[DEBUG] NODE_BINARY_EXPR
[DEBUG] NODE_BINARY_EXPR
[DEBUG] NODE_BINARY_EXPR
[DEBUG] NODE_FUNC_CALL
[DEBUG] NODE_FUNC_CALL
[DEBUG] NODE_LITERAL
[DEBUG] NODE_BINARY_EXPR
[DEBUG] o id deve estar nulo 0
[DEBUG] o id deve estar nulo 0
Allocation count times 0!
build/gen/full-test.c:87:44: error: passing 'char[6]' to parameter of incompatible type 'string'
   87 |         alunos[i - 1].nome = concat_string("Aluno", make_string_from_char((char)((48 + i))));
      |                                            ^~~~~~~
build/gen/full-test.c:47:29: note: passing argument to parameter 's1' here
   47 | string concat_string(string s1, string s2) {
      |                             ^
build/gen/full-test.c:96:18: warning: data argument not used by format string [-Wformat-extra-args]
   96 |     printf("\n", resultado);
      |            ~~~~  ^
1 warning and 1 error generated.
[ERROR] tests/hr-company.pascalm:4.16-6.5: error: The node of kind NODE_RECORD_TYPE is not mapped here (155)

[DEBUG] Estamos colocando na tabela de símbolos: ContactInfo e o símbolo kind: SYMBOL_TYPE

[ERROR] tests/hr-company.pascalm:8.19-8.48: error: The node of kind NODE_ENUMERATED_TYPE is not mapped here (155)

[DEBUG] Estamos colocando na tabela de símbolos: EmployeeStatus e o símbolo kind: SYMBOL_TYPE

[ERROR] tests/hr-company.pascalm:10.13-22.5: error: The node of kind NODE_RECORD_TYPE is not mapped here (155)

[DEBUG] Estamos colocando na tabela de símbolos: Employee e o símbolo kind: SYMBOL_TYPE

[ERROR] tests/hr-company.pascalm:3.0-22.5: error: Error: Field 'id' already declared in record 'Employee'

[ERROR] tests/hr-company.pascalm:3.0-22.5: error: Error: Field 'contact' already declared in record 'Employee'

[ERROR] tests/hr-company.pascalm:3.0-22.5: error: Error: Field 'id' already declared in record 'Employee'

[ERROR] tests/hr-company.pascalm:3.0-22.5: error: Error: Field 'contact' already declared in record 'Employee'

semantic-analyzer/analyzer.c:1882:24: runtime error: member access within null pointer of type 'FixedPartNode' (aka 'struct FixedPartNode')
SUMMARY: UndefinedBehaviorSanitizer: undefined-behavior semantic-analyzer/analyzer.c:1882:24 
AddressSanitizer:DEADLYSIGNAL
=================================================================
==82396==ERROR: AddressSanitizer: SEGV on unknown address 0x000000000038 (pc 0x000104c13064 bp 0x00016b22f530 sp 0x00016b22f220 T0)
==82396==The signal is caused by a READ memory access.
==82396==Hint: address points to the zero page.
    #0 0x000104c13064 in analyze_types analyzer.c:606
    #1 0x000104c1896c in analyze_semantics analyzer.c:1945
    #2 0x000104c41f04 in main main.c:95
    #3 0x000194946b48  (<unknown module>)

==82396==Register values:
 x[0] = 0x0000000000000000   x[1] = 0x0000000000000000   x[2] = 0x0000000000000000   x[3] = 0x0000000000000000  
 x[4] = 0x0000000000000000   x[5] = 0x0000000000000000   x[6] = 0x0000000000000000   x[7] = 0x0000000000000000  
 x[8] = 0x0000000000000000   x[9] = 0x0000000000000000  x[10] = 0x0000007000020000  x[11] = 0x0000000000000000  
x[12] = 0x0000000000000000  x[13] = 0x0000000000000000  x[14] = 0x0000000000000000  x[15] = 0x0000000000000000  
x[16] = 0x0000000000000000  x[17] = 0x0000000000000000  x[18] = 0x0000000000000000  x[19] = 0x000000016b22f380  
x[20] = 0x0000606000000aa0  x[21] = 0x0000000000000000  x[22] = 0x00000c0c00000323  x[23] = 0x00006060000018b0  
x[24] = 0x0000000000000038  x[25] = 0x0000607000000950  x[26] = 0x0000000000000000  x[27] = 0x000060b000000ab0  
x[28] = 0x000000016b22f220     fp = 0x000000016b22f530     lr = 0x0000000104c13948     sp = 0x000000016b22f220  
AddressSanitizer can not provide additional info.
SUMMARY: AddressSanitizer: SEGV analyzer.c:606 in analyze_types
==82396==ABORTING
clang: error: no such file or directory: 'build/gen/hr-company.c'
clang: error: no input files
code-generation/code.c:106:42: warning: format specifies type 'char *' but the argument has type 'SymbolEntry *' (aka 'struct SymbolEntry *') [-Wformat]
  106 |     LOG_DEBUG("o id deve estar nulo %s", id->symbol);
      |                                     ~~   ^~~~~~~~~~
code-generation/../logger.h:13:21: note: expanded from macro 'LOG_DEBUG'
   13 |     fprintf(stderr, __VA_ARGS__);                                              \
      |                     ^~~~~~~~~~~
code-generation/code.c:232:66: warning: unused parameter 'context' [-Wunused-parameter]
  232 | void generate_constant(CodeGenerator *code_gen, CompilerContext *context,
      |                                                                  ^
code-generation/code.c:737:26: warning: unused variable 'id_symbol' [-Wunused-variable]
  737 |             SymbolEntry *id_symbol = context_lookup(context, id->name);
      |                          ^~~~~~~~~
code-generation/code.c:723:16: warning: unused variable 'result_type_symbol' [-Wunused-variable]
  723 |   SymbolEntry *result_type_symbol =
      |                ^~~~~~~~~~~~~~~~~~
code-generation/code.c:927:22: warning: unused variable 'array_symbol' [-Wunused-variable]
  927 |         SymbolEntry *array_symbol = array_id->symbol;
      |                      ^~~~~~~~~~~~
code-generation/code.c:1501:43: warning: unused parameter 'context' [-Wunused-parameter]
 1501 |                          CompilerContext *context) {
      |                                           ^
6 warnings generated.
[DEBUG] NODE_LITERAL
[DEBUG] NODE_BINARY_EXPR
Allocation count times 0!
[ERROR] tests/10-test-with-and-array.pascalm:3.10-6.5: error: The node of kind NODE_RECORD_TYPE is not mapped here (155)

[DEBUG] Estamos colocando na tabela de símbolos: TInfo e o símbolo kind: SYMBOL_TYPE

[DEBUG] NODE_LITERAL
[DEBUG] NODE_LITERAL
Allocation count times 0!
[DEBUG] NODE_BINARY_EXPR
Allocation count times 0!
[DEBUG] NODE_LITERAL
[DEBUG] NODE_BINARY_EXPR
[DEBUG] NODE_BINARY_EXPR
Allocation count times 0!
Allocation count times 0!
[ERROR] tests/5-array-record.pascalm:3.12-6.5: error: The node of kind NODE_RECORD_TYPE is not mapped here (155)

[DEBUG] Estamos colocando na tabela de símbolos: TPessoa e o símbolo kind: SYMBOL_TYPE

[DEBUG] Estamos colocando na tabela de símbolos: MyInt e o símbolo kind: SYMBOL_TYPE

[DEBUG] NODE_LITERAL
[DEBUG] NODE_LITERAL
[DEBUG] NODE_LITERAL
[DEBUG] NODE_LITERAL
[DEBUG] NODE_ARRAY_ACCESS
[DEBUG] NODE_LITERAL
[DEBUG] NODE_LITERAL
[DEBUG] NODE_BINARY_EXPR
Allocation count times 0!
[DEBUG] NODE_IDENTIFIER
[DEBUG] NODE_IDENTIFIER
[DEBUG] NODE_IDENTIFIER
[DEBUG] NODE_LITERAL
[DEBUG] NODE_LITERAL
Allocation count times 0!
[DEBUG] NODE_LITERAL
[DEBUG] NODE_FUNC_CALL
Allocation count times 0!
build/gen/7-function.c:10:11: warning: equality comparison with extraneous parentheses [-Wparentheses-equality]
   10 |     if((n == 0)) {
      |         ~~^~~~
build/gen/7-function.c:10:11: note: remove extraneous parentheses around the comparison to silence this warning
   10 |     if((n == 0)) {
      |        ~  ^   ~
build/gen/7-function.c:10:11: note: use '=' to turn this equality comparison into an assignment
   10 |     if((n == 0)) {
      |           ^~
      |           =
1 warning generated.
[ERROR] tests/8-test-failures.pascalm:24.21-24.22: error: Illegal input in

[DEBUG] NODE_BINARY_EXPR
[DEBUG] NODE_LITERAL
[DEBUG] NODE_IDENTIFIER
[DEBUG] NODE_BINARY_EXPR
[ERROR] tests/8-test-failures.pascalm:22.8-22.9: error: An L-value (variable) is expected for a VAR parameter.

[DEBUG] NODE_FUNC_CALL
[ERROR] tests/8-test-failures.pascalm:26.10-26.32: error: Undeclared identifier 'variavel_nao_declarada'

[ERROR] tests/8-test-failures.pascalm:27.4-28.0: error: Compilation failed due to semantic errors.


clang: error: no such file or directory: 'build/gen/8-test-failures.c'
clang: error: no input files
[ERROR] tests/9-test-with.pascalm:3.11-5.5: error: The node of kind NODE_RECORD_TYPE is not mapped here (155)

[DEBUG] Estamos colocando na tabela de símbolos: TPonto e o símbolo kind: SYMBOL_TYPE

[DEBUG] NODE_LITERAL
[DEBUG] NODE_LITERAL
[DEBUG] o id deve estar nulo 0
[DEBUG] o id deve estar nulo 0
Allocation count times 0!
[DEBUG] Estamos colocando na tabela de símbolos: IntArray e o símbolo kind: SYMBOL_TYPE

[ERROR] tests/complex-test.pascalm:6.14-6.25: error: The node of kind NODE_SET_TYPE is not mapped here (155)

[DEBUG] Estamos colocando na tabela de símbolos: CharSet e o símbolo kind: SYMBOL_TYPE

[ERROR] tests/complex-test.pascalm:7.13-11.7: error: The node of kind NODE_RECORD_TYPE is not mapped here (155)

[DEBUG] Estamos colocando na tabela de símbolos: Person e o símbolo kind: SYMBOL_TYPE

[DEBUG] Estamos colocando na tabela de símbolos: Max e o símbolo kind: SYMBOL_TYPE

[DEBUG] NODE_IDENTIFIER
[DEBUG] NODE_IDENTIFIER
[DEBUG] NODE_LITERAL
[DEBUG] Qual os tipos? [dest: 0x60b0000001a0(0x607000001ec0)] - [src: 0x0(0x0)]
[ERROR] tests/complex-test.pascalm:29.4-29.26: error: Incompatible type for function return value.

[DEBUG] NODE_SET_CONSTRUCTOR
[DEBUG] Qual os tipos? [dest: 0x60b000000510(0x6060000013a0)] - [src: 0x0(0x0)]
[ERROR] tests/complex-test.pascalm:33.4-33.39: error: Type mismatch in assignment.

[DEBUG] NODE_LITERAL
[DEBUG] NODE_LITERAL
[ERROR] tests/complex-test.pascalm:45.4-46.0: error: Compilation failed due to semantic errors.


clang: error: no such file or directory: 'build/gen/complex-test.c'
clang: error: no input files
[ERROR] tests/full-test.pascalm:13.11-16.5: error: The node of kind NODE_RECORD_TYPE is not mapped here (155)

[DEBUG] Estamos colocando na tabela de símbolos: TAluno e o símbolo kind: SYMBOL_TYPE

[DEBUG] NODE_LITERAL
[DEBUG] NODE_BINARY_EXPR
[DEBUG] NODE_BINARY_EXPR
[DEBUG] NODE_BINARY_EXPR
[DEBUG] NODE_FUNC_CALL
[DEBUG] NODE_FUNC_CALL
[DEBUG] NODE_LITERAL
[DEBUG] NODE_BINARY_EXPR
[DEBUG] o id deve estar nulo 0
[DEBUG] o id deve estar nulo 0
Allocation count times 0!
build/gen/full-test.c:87:44: error: passing 'char[6]' to parameter of incompatible type 'string'
   87 |         alunos[i - 1].nome = concat_string("Aluno", make_string_from_char((char)((48 + i))));
      |                                            ^~~~~~~
build/gen/full-test.c:47:29: note: passing argument to parameter 's1' here
   47 | string concat_string(string s1, string s2) {
      |                             ^
1 error generated.
[ERROR] tests/hr-company.pascalm:4.16-6.5: error: The node of kind NODE_RECORD_TYPE is not mapped here (155)

[DEBUG] Estamos colocando na tabela de símbolos: ContactInfo e o símbolo kind: SYMBOL_TYPE

[ERROR] tests/hr-company.pascalm:8.19-8.48: error: The node of kind NODE_ENUMERATED_TYPE is not mapped here (155)

[DEBUG] Estamos colocando na tabela de símbolos: EmployeeStatus e o símbolo kind: SYMBOL_TYPE

[ERROR] tests/hr-company.pascalm:10.13-22.5: error: The node of kind NODE_RECORD_TYPE is not mapped here (155)

[DEBUG] Estamos colocando na tabela de símbolos: Employee e o símbolo kind: SYMBOL_TYPE

[ERROR] tests/hr-company.pascalm:3.0-22.5: error: Error: Field 'id' already declared in record 'Employee'

[ERROR] tests/hr-company.pascalm:3.0-22.5: error: Error: Field 'contact' already declared in record 'Employee'

[ERROR] tests/hr-company.pascalm:3.0-22.5: error: Error: Field 'id' already declared in record 'Employee'

[ERROR] tests/hr-company.pascalm:3.0-22.5: error: Error: Field 'contact' already declared in record 'Employee'

[DEBUG] NODE_LITERAL
[DEBUG] NODE_LITERAL
[ERROR] tests/hr-company.pascalm:31.20-31.26: error: Undeclared identifier 'Active'

[DEBUG] NODE_IDENTIFIER
[DEBUG] Qual os tipos? [dest: 0x60b000000510(0x607000000b80)] - [src: 0x0(0x0)]
[ERROR] tests/hr-company.pascalm:31.2-31.26: error: Type mismatch in assignment.

[ERROR] tests/hr-company.pascalm:32.2-32.16: error: Field 'salary' not found in record type 'Employee'.

[DEBUG] NODE_LITERAL
[DEBUG] Qual os tipos? [dest: 0x0(0x0)] - [src: 0x60b0000000f0(0x607000002710)]
[ERROR] tests/hr-company.pascalm:32.2-32.26: error: Type mismatch in assignment.

[DEBUG] NODE_LITERAL
[ERROR] tests/hr-company.pascalm:35.20-35.26: error: Undeclared identifier 'Active'

[DEBUG] NODE_IDENTIFIER
[DEBUG] Qual os tipos? [dest: 0x60b000000510(0x607000000b80)] - [src: 0x0(0x0)]
[ERROR] tests/hr-company.pascalm:35.2-35.26: error: Type mismatch in assignment.

[ERROR] tests/hr-company.pascalm:36.2-36.18: error: Field 'projects' not found in record type 'Employee'.

[DEBUG] NODE_LITERAL
[DEBUG] Qual os tipos? [dest: 0x0(0x0)] - [src: 0x60b000000300(0x6070000028d0)]
[ERROR] tests/hr-company.pascalm:36.2-36.43: error: Type mismatch in assignment.

[ERROR] tests/hr-company.pascalm:38.4-39.0: error: Compilation failed due to semantic errors.


clang: error: no such file or directory: 'build/gen/hr-company.c'
clang: error: no input files
code-generation/code.c:106:42: warning: format specifies type 'char *' but the argument has type 'SymbolEntry *' (aka 'struct SymbolEntry *') [-Wformat]
  106 |     LOG_DEBUG("o id deve estar nulo %s", id->symbol);
      |                                     ~~   ^~~~~~~~~~
code-generation/../logger.h:13:21: note: expanded from macro 'LOG_DEBUG'
   13 |     fprintf(stderr, __VA_ARGS__);                                              \
      |                     ^~~~~~~~~~~
code-generation/code.c:236:66: warning: unused parameter 'context' [-Wunused-parameter]
  236 | void generate_constant(CodeGenerator *code_gen, CompilerContext *context,
      |                                                                  ^
code-generation/code.c:677:63: error: too few arguments to function call, expected 4, have 3
  677 |       generate_string_operand(code_gen, context, a->expression);
      |       ~~~~~~~~~~~~~~~~~~~~~~~                                 ^
code-generation/code.c:130:6: note: 'generate_string_operand' declared here
  130 | void generate_string_operand(CodeGenerator *code_gen, CompilerContext *context,
      |      ^                       ~~~~~~~~~~~~~~~~~~~~~~~~~~~~~~~~~~~~~~~~~~~~~~~~~~
  131 |                              ASTNode *operand_node, bool force) {
      |                              ~~~~~~~~~~~~~~~~~~~~~~~~~~~~~~~~~
code-generation/code.c:741:26: warning: unused variable 'id_symbol' [-Wunused-variable]
  741 |             SymbolEntry *id_symbol = context_lookup(context, id->name);
      |                          ^~~~~~~~~
code-generation/code.c:727:16: warning: unused variable 'result_type_symbol' [-Wunused-variable]
  727 |   SymbolEntry *result_type_symbol =
      |                ^~~~~~~~~~~~~~~~~~
code-generation/code.c:931:22: warning: unused variable 'array_symbol' [-Wunused-variable]
  931 |         SymbolEntry *array_symbol = array_id->symbol;
      |                      ^~~~~~~~~~~~
code-generation/code.c:1505:43: warning: unused parameter 'context' [-Wunused-parameter]
 1505 |                          CompilerContext *context) {
      |                                           ^
6 warnings and 1 error generated.
code-generation/code.c:106:42: warning: format specifies type 'char *' but the argument has type 'SymbolEntry *' (aka 'struct SymbolEntry *') [-Wformat]
  106 |     LOG_DEBUG("o id deve estar nulo %s", id->symbol);
      |                                     ~~   ^~~~~~~~~~
code-generation/../logger.h:13:21: note: expanded from macro 'LOG_DEBUG'
   13 |     fprintf(stderr, __VA_ARGS__);                                              \
      |                     ^~~~~~~~~~~
code-generation/code.c:236:66: warning: unused parameter 'context' [-Wunused-parameter]
  236 | void generate_constant(CodeGenerator *code_gen, CompilerContext *context,
      |                                                                  ^
code-generation/code.c:677:72: error: expected expression
  677 |       generate_string_operand(code_gen, context, a->expression, false),;
      |                                                                        ^
code-generation/code.c:741:26: warning: unused variable 'id_symbol' [-Wunused-variable]
  741 |             SymbolEntry *id_symbol = context_lookup(context, id->name);
      |                          ^~~~~~~~~
code-generation/code.c:727:16: warning: unused variable 'result_type_symbol' [-Wunused-variable]
  727 |   SymbolEntry *result_type_symbol =
      |                ^~~~~~~~~~~~~~~~~~
code-generation/code.c:931:22: warning: unused variable 'array_symbol' [-Wunused-variable]
  931 |         SymbolEntry *array_symbol = array_id->symbol;
      |                      ^~~~~~~~~~~~
code-generation/code.c:1505:43: warning: unused parameter 'context' [-Wunused-parameter]
 1505 |                          CompilerContext *context) {
      |                                           ^
6 warnings and 1 error generated.
[DEBUG] NODE_LITERAL
[DEBUG] NODE_BINARY_EXPR
Allocation count times 0!
[ERROR] tests/10-test-with-and-array.pascalm:3.10-6.5: error: The node of kind NODE_RECORD_TYPE is not mapped here (155)

[DEBUG] Estamos colocando na tabela de símbolos: TInfo e o símbolo kind: SYMBOL_TYPE

[DEBUG] NODE_LITERAL
[DEBUG] NODE_LITERAL
Allocation count times 0!
[DEBUG] NODE_BINARY_EXPR
Allocation count times 0!
[DEBUG] NODE_LITERAL
[DEBUG] NODE_BINARY_EXPR
[DEBUG] NODE_BINARY_EXPR
Allocation count times 0!
Allocation count times 0!
[ERROR] tests/5-array-record.pascalm:3.12-6.5: error: The node of kind NODE_RECORD_TYPE is not mapped here (155)

[DEBUG] Estamos colocando na tabela de símbolos: TPessoa e o símbolo kind: SYMBOL_TYPE

[DEBUG] Estamos colocando na tabela de símbolos: MyInt e o símbolo kind: SYMBOL_TYPE

[DEBUG] NODE_LITERAL
[DEBUG] NODE_LITERAL
[DEBUG] NODE_LITERAL
[DEBUG] NODE_LITERAL
[DEBUG] NODE_ARRAY_ACCESS
[DEBUG] NODE_LITERAL
[DEBUG] NODE_LITERAL
[DEBUG] NODE_BINARY_EXPR
Allocation count times 0!
[DEBUG] NODE_IDENTIFIER
[DEBUG] NODE_IDENTIFIER
[DEBUG] NODE_IDENTIFIER
[DEBUG] NODE_LITERAL
[DEBUG] NODE_LITERAL
Allocation count times 0!
[DEBUG] NODE_LITERAL
[DEBUG] NODE_FUNC_CALL
Allocation count times 0!
build/gen/7-function.c:10:11: warning: equality comparison with extraneous parentheses [-Wparentheses-equality]
   10 |     if((n == 0)) {
      |         ~~^~~~
build/gen/7-function.c:10:11: note: remove extraneous parentheses around the comparison to silence this warning
   10 |     if((n == 0)) {
      |        ~  ^   ~
build/gen/7-function.c:10:11: note: use '=' to turn this equality comparison into an assignment
   10 |     if((n == 0)) {
      |           ^~
      |           =
1 warning generated.
[ERROR] tests/8-test-failures.pascalm:24.21-24.22: error: Illegal input in

[DEBUG] NODE_BINARY_EXPR
[DEBUG] NODE_LITERAL
[DEBUG] NODE_IDENTIFIER
[DEBUG] NODE_BINARY_EXPR
[ERROR] tests/8-test-failures.pascalm:22.8-22.9: error: An L-value (variable) is expected for a VAR parameter.

[DEBUG] NODE_FUNC_CALL
[ERROR] tests/8-test-failures.pascalm:26.10-26.32: error: Undeclared identifier 'variavel_nao_declarada'

[ERROR] tests/8-test-failures.pascalm:27.4-28.0: error: Compilation failed due to semantic errors.


clang: error: no such file or directory: 'build/gen/8-test-failures.c'
clang: error: no input files
[ERROR] tests/9-test-with.pascalm:3.11-5.5: error: The node of kind NODE_RECORD_TYPE is not mapped here (155)

[DEBUG] Estamos colocando na tabela de símbolos: TPonto e o símbolo kind: SYMBOL_TYPE

[DEBUG] NODE_LITERAL
[DEBUG] NODE_LITERAL
[DEBUG] o id deve estar nulo 0
[DEBUG] o id deve estar nulo 0
Allocation count times 0!
[DEBUG] Estamos colocando na tabela de símbolos: IntArray e o símbolo kind: SYMBOL_TYPE

[ERROR] tests/complex-test.pascalm:6.14-6.25: error: The node of kind NODE_SET_TYPE is not mapped here (155)

[DEBUG] Estamos colocando na tabela de símbolos: CharSet e o símbolo kind: SYMBOL_TYPE

[ERROR] tests/complex-test.pascalm:7.13-11.7: error: The node of kind NODE_RECORD_TYPE is not mapped here (155)

[DEBUG] Estamos colocando na tabela de símbolos: Person e o símbolo kind: SYMBOL_TYPE

[DEBUG] Estamos colocando na tabela de símbolos: Max e o símbolo kind: SYMBOL_TYPE

[DEBUG] NODE_IDENTIFIER
[DEBUG] NODE_IDENTIFIER
[DEBUG] NODE_LITERAL
[DEBUG] Qual os tipos? [dest: 0x60b0000001a0(0x607000001ec0)] - [src: 0x0(0x0)]
[ERROR] tests/complex-test.pascalm:29.4-29.26: error: Incompatible type for function return value.

[DEBUG] NODE_SET_CONSTRUCTOR
[DEBUG] Qual os tipos? [dest: 0x60b000000510(0x6060000013a0)] - [src: 0x0(0x0)]
[ERROR] tests/complex-test.pascalm:33.4-33.39: error: Type mismatch in assignment.

[DEBUG] NODE_LITERAL
[DEBUG] NODE_LITERAL
[ERROR] tests/complex-test.pascalm:45.4-46.0: error: Compilation failed due to semantic errors.


clang: error: no such file or directory: 'build/gen/complex-test.c'
clang: error: no input files
[ERROR] tests/full-test.pascalm:13.11-16.5: error: The node of kind NODE_RECORD_TYPE is not mapped here (155)

[DEBUG] Estamos colocando na tabela de símbolos: TAluno e o símbolo kind: SYMBOL_TYPE

[DEBUG] NODE_LITERAL
[DEBUG] NODE_BINARY_EXPR
[DEBUG] NODE_BINARY_EXPR
[DEBUG] NODE_BINARY_EXPR
[DEBUG] NODE_FUNC_CALL
[DEBUG] NODE_FUNC_CALL
[DEBUG] NODE_LITERAL
[DEBUG] NODE_BINARY_EXPR
[DEBUG] o id deve estar nulo 0
[DEBUG] o id deve estar nulo 0
Allocation count times 0!
[ERROR] tests/hr-company.pascalm:4.16-6.5: error: The node of kind NODE_RECORD_TYPE is not mapped here (155)

[DEBUG] Estamos colocando na tabela de símbolos: ContactInfo e o símbolo kind: SYMBOL_TYPE

[ERROR] tests/hr-company.pascalm:8.19-8.48: error: The node of kind NODE_ENUMERATED_TYPE is not mapped here (155)

[DEBUG] Estamos colocando na tabela de símbolos: EmployeeStatus e o símbolo kind: SYMBOL_TYPE

[ERROR] tests/hr-company.pascalm:10.13-22.5: error: The node of kind NODE_RECORD_TYPE is not mapped here (155)

[DEBUG] Estamos colocando na tabela de símbolos: Employee e o símbolo kind: SYMBOL_TYPE

[ERROR] tests/hr-company.pascalm:3.0-22.5: error: Error: Field 'id' already declared in record 'Employee'

[ERROR] tests/hr-company.pascalm:3.0-22.5: error: Error: Field 'contact' already declared in record 'Employee'

[ERROR] tests/hr-company.pascalm:3.0-22.5: error: Error: Field 'id' already declared in record 'Employee'

[ERROR] tests/hr-company.pascalm:3.0-22.5: error: Error: Field 'contact' already declared in record 'Employee'

[DEBUG] NODE_LITERAL
[DEBUG] NODE_LITERAL
[ERROR] tests/hr-company.pascalm:31.20-31.26: error: Undeclared identifier 'Active'

[DEBUG] NODE_IDENTIFIER
[DEBUG] Qual os tipos? [dest: 0x60b000000510(0x607000000b80)] - [src: 0x0(0x0)]
[ERROR] tests/hr-company.pascalm:31.2-31.26: error: Type mismatch in assignment.

[ERROR] tests/hr-company.pascalm:32.2-32.16: error: Field 'salary' not found in record type 'Employee'.

[DEBUG] NODE_LITERAL
[DEBUG] Qual os tipos? [dest: 0x0(0x0)] - [src: 0x60b0000000f0(0x607000002710)]
[ERROR] tests/hr-company.pascalm:32.2-32.26: error: Type mismatch in assignment.

[DEBUG] NODE_LITERAL
[ERROR] tests/hr-company.pascalm:35.20-35.26: error: Undeclared identifier 'Active'

[DEBUG] NODE_IDENTIFIER
[DEBUG] Qual os tipos? [dest: 0x60b000000510(0x607000000b80)] - [src: 0x0(0x0)]
[ERROR] tests/hr-company.pascalm:35.2-35.26: error: Type mismatch in assignment.

[ERROR] tests/hr-company.pascalm:36.2-36.18: error: Field 'projects' not found in record type 'Employee'.

[DEBUG] NODE_LITERAL
[DEBUG] Qual os tipos? [dest: 0x0(0x0)] - [src: 0x60b000000300(0x6070000028d0)]
[ERROR] tests/hr-company.pascalm:36.2-36.43: error: Type mismatch in assignment.

[ERROR] tests/hr-company.pascalm:38.4-39.0: error: Compilation failed due to semantic errors.


clang: error: no such file or directory: 'build/gen/hr-company.c'
clang: error: no input files
[DEBUG] NODE_LITERAL
[DEBUG] NODE_BINARY_EXPR
Allocation count times 0!
[DEBUG] NODE_BINARY_EXPR
Allocation count times 0!
[DEBUG] NODE_LITERAL
[DEBUG] NODE_BINARY_EXPR
[DEBUG] NODE_BINARY_EXPR
Allocation count times 0!
Allocation count times 0!
[ERROR] tests/5-array-record.pascalm:3.12-6.5: error: The node of kind NODE_RECORD_TYPE is not mapped here (155)

[DEBUG] Estamos colocando na tabela de símbolos: TPessoa e o símbolo kind: SYMBOL_TYPE

[DEBUG] Estamos colocando na tabela de símbolos: MyInt e o símbolo kind: SYMBOL_TYPE

[DEBUG] NODE_LITERAL
[DEBUG] NODE_LITERAL
[DEBUG] NODE_LITERAL
[DEBUG] NODE_LITERAL
[DEBUG] NODE_ARRAY_ACCESS
[DEBUG] NODE_LITERAL
[DEBUG] NODE_LITERAL
[DEBUG] NODE_BINARY_EXPR
Allocation count times 0!
[DEBUG] NODE_IDENTIFIER
[DEBUG] NODE_IDENTIFIER
[DEBUG] NODE_IDENTIFIER
[DEBUG] NODE_LITERAL
[DEBUG] NODE_LITERAL
Allocation count times 0!
[DEBUG] NODE_LITERAL
[DEBUG] NODE_FUNC_CALL
Allocation count times 0!
build/gen/7-function.c:10:11: warning: equality comparison with extraneous parentheses [-Wparentheses-equality]
   10 |     if((n == 0)) {
      |         ~~^~~~
build/gen/7-function.c:10:11: note: remove extraneous parentheses around the comparison to silence this warning
   10 |     if((n == 0)) {
      |        ~  ^   ~
build/gen/7-function.c:10:11: note: use '=' to turn this equality comparison into an assignment
   10 |     if((n == 0)) {
      |           ^~
      |           =
1 warning generated.
[ERROR] tests/8-test-with.pascalm:3.11-5.5: error: The node of kind NODE_RECORD_TYPE is not mapped here (155)

[DEBUG] Estamos colocando na tabela de símbolos: TPonto e o símbolo kind: SYMBOL_TYPE

[DEBUG] NODE_LITERAL
[DEBUG] NODE_LITERAL
[DEBUG] o id deve estar nulo 0
[DEBUG] o id deve estar nulo 0
Allocation count times 0!
[ERROR] tests/9-test-with-and-array.pascalm:3.10-6.5: error: The node of kind NODE_RECORD_TYPE is not mapped here (155)

[DEBUG] Estamos colocando na tabela de símbolos: TInfo e o símbolo kind: SYMBOL_TYPE

[DEBUG] NODE_LITERAL
[DEBUG] NODE_LITERAL
Allocation count times 0!
[DEBUG] Estamos colocando na tabela de símbolos: IntArray e o símbolo kind: SYMBOL_TYPE

[ERROR] tests/complex-test.pascalm:6.14-6.25: error: The node of kind NODE_SET_TYPE is not mapped here (155)

[DEBUG] Estamos colocando na tabela de símbolos: CharSet e o símbolo kind: SYMBOL_TYPE

[ERROR] tests/complex-test.pascalm:7.13-11.7: error: The node of kind NODE_RECORD_TYPE is not mapped here (155)

[DEBUG] Estamos colocando na tabela de símbolos: Person e o símbolo kind: SYMBOL_TYPE

[DEBUG] Estamos colocando na tabela de símbolos: Max e o símbolo kind: SYMBOL_TYPE

[DEBUG] NODE_IDENTIFIER
[DEBUG] NODE_IDENTIFIER
[DEBUG] NODE_LITERAL
[DEBUG] Qual os tipos? [dest: 0x60b0000001a0(0x607000001ec0)] - [src: 0x0(0x0)]
[ERROR] tests/complex-test.pascalm:29.4-29.26: error: Incompatible type for function return value.

[DEBUG] NODE_SET_CONSTRUCTOR
[DEBUG] Qual os tipos? [dest: 0x60b000000510(0x6060000013a0)] - [src: 0x0(0x0)]
[ERROR] tests/complex-test.pascalm:33.4-33.39: error: Type mismatch in assignment.

[DEBUG] NODE_LITERAL
[DEBUG] NODE_LITERAL
[ERROR] tests/complex-test.pascalm:45.4-46.0: error: Compilation failed due to semantic errors.


clang: error: no such file or directory: 'build/gen/complex-test.c'
clang: error: no input files
[ERROR] tests/full-test.pascalm:13.11-16.5: error: The node of kind NODE_RECORD_TYPE is not mapped here (155)

[DEBUG] Estamos colocando na tabela de símbolos: TAluno e o símbolo kind: SYMBOL_TYPE

[DEBUG] NODE_LITERAL
[DEBUG] NODE_BINARY_EXPR
[DEBUG] NODE_BINARY_EXPR
[DEBUG] NODE_BINARY_EXPR
[DEBUG] NODE_FUNC_CALL
[DEBUG] NODE_FUNC_CALL
[DEBUG] NODE_LITERAL
[DEBUG] NODE_BINARY_EXPR
[DEBUG] o id deve estar nulo 0
[DEBUG] o id deve estar nulo 0
Allocation count times 0!
[ERROR] tests/hr-company.pascalm:4.16-6.5: error: The node of kind NODE_RECORD_TYPE is not mapped here (155)

[DEBUG] Estamos colocando na tabela de símbolos: ContactInfo e o símbolo kind: SYMBOL_TYPE

[ERROR] tests/hr-company.pascalm:8.19-8.48: error: The node of kind NODE_ENUMERATED_TYPE is not mapped here (155)

[DEBUG] Estamos colocando na tabela de símbolos: EmployeeStatus e o símbolo kind: SYMBOL_TYPE

[ERROR] tests/hr-company.pascalm:10.13-22.5: error: The node of kind NODE_RECORD_TYPE is not mapped here (155)

[DEBUG] Estamos colocando na tabela de símbolos: Employee e o símbolo kind: SYMBOL_TYPE

[ERROR] tests/hr-company.pascalm:3.0-22.5: error: Error: Field 'id' already declared in record 'Employee'

[ERROR] tests/hr-company.pascalm:3.0-22.5: error: Error: Field 'contact' already declared in record 'Employee'

[ERROR] tests/hr-company.pascalm:3.0-22.5: error: Error: Field 'id' already declared in record 'Employee'

[ERROR] tests/hr-company.pascalm:3.0-22.5: error: Error: Field 'contact' already declared in record 'Employee'

[DEBUG] NODE_LITERAL
[DEBUG] NODE_LITERAL
[ERROR] tests/hr-company.pascalm:31.20-31.26: error: Undeclared identifier 'Active'

[DEBUG] NODE_IDENTIFIER
[DEBUG] Qual os tipos? [dest: 0x60b000000510(0x607000000b80)] - [src: 0x0(0x0)]
[ERROR] tests/hr-company.pascalm:31.2-31.26: error: Type mismatch in assignment.

[ERROR] tests/hr-company.pascalm:32.2-32.16: error: Field 'salary' not found in record type 'Employee'.

[DEBUG] NODE_LITERAL
[DEBUG] Qual os tipos? [dest: 0x0(0x0)] - [src: 0x60b0000000f0(0x607000002710)]
[ERROR] tests/hr-company.pascalm:32.2-32.26: error: Type mismatch in assignment.

[DEBUG] NODE_LITERAL
[ERROR] tests/hr-company.pascalm:35.20-35.26: error: Undeclared identifier 'Active'

[DEBUG] NODE_IDENTIFIER
[DEBUG] Qual os tipos? [dest: 0x60b000000510(0x607000000b80)] - [src: 0x0(0x0)]
[ERROR] tests/hr-company.pascalm:35.2-35.26: error: Type mismatch in assignment.

[ERROR] tests/hr-company.pascalm:36.2-36.18: error: Field 'projects' not found in record type 'Employee'.

[DEBUG] NODE_LITERAL
[DEBUG] Qual os tipos? [dest: 0x0(0x0)] - [src: 0x60b000000300(0x6070000028d0)]
[ERROR] tests/hr-company.pascalm:36.2-36.43: error: Type mismatch in assignment.

[ERROR] tests/hr-company.pascalm:38.4-39.0: error: Compilation failed due to semantic errors.


clang: error: no such file or directory: 'build/gen/hr-company.c'
clang: error: no input files
[ERROR] tests/z-test-failures.pascalm:24.21-24.22: error: Illegal input in

[DEBUG] NODE_BINARY_EXPR
[DEBUG] NODE_LITERAL
[DEBUG] NODE_IDENTIFIER
[DEBUG] NODE_BINARY_EXPR
[ERROR] tests/z-test-failures.pascalm:22.8-22.9: error: An L-value (variable) is expected for a VAR parameter.

[DEBUG] NODE_FUNC_CALL
[ERROR] tests/z-test-failures.pascalm:26.10-26.32: error: Undeclared identifier 'variavel_nao_declarada'

[ERROR] tests/z-test-failures.pascalm:27.4-28.0: error: Compilation failed due to semantic errors.


clang: error: no such file or directory: 'build/gen/z-test-failures.c'
clang: error: no input files
